<?xml version="1.0" encoding="UTF-8"?>
<!-- Generated by org.testng.reporters.JUnitXMLReporter -->
<testsuite hostname="EPRUSARW1003" name="Information page testing" tests="3" failures="0" timestamp="31 May 2018 09:29:55 GMT" time="8.067" errors="0">
  <testcase name="" time="1.489" classname="tests.informationPageTests.InformationTest"/>
  <testcase name="" time="1.486" classname="tests.informationPageTests.InformationTest"/>
  <testcase name="" time="2.018" classname="tests.informationPageTests.InformationTest"/>
</testsuite> <!-- Information page testing -->
