<?xml version="1.0" encoding="UTF-8"?>
<!-- Generated by org.testng.reporters.JUnitXMLReporter -->
<testsuite hostname="EPRUSARW1003" name="Portfolio page testing" tests="26" failures="1" timestamp="31 May 2018 09:29:47 GMT" time="222.48" errors="0">
  <testcase name="" time="7.556" classname="tests.mainPageTests.portfolioPageTests.PortfolioTest"/>
  <testcase name="" time="1.841" classname="tests.mainPageTests.portfolioPageTests.PortfolioTest"/>
  <testcase name="" time="1.414" classname="tests.mainPageTests.portfolioPageTests.PortfolioTest"/>
  <testcase name="" time="1.231" classname="tests.mainPageTests.portfolioPageTests.PortfolioTest"/>
  <testcase name="" time="1.332" classname="tests.mainPageTests.portfolioPageTests.PortfolioTest"/>
  <testcase name="" time="1.608" classname="tests.mainPageTests.portfolioPageTests.PortfolioTest"/>
  <testcase name="" time="1.328" classname="tests.mainPageTests.portfolioPageTests.PortfolioTest"/>
  <testcase name="" time="3.021" classname="tests.mainPageTests.portfolioPageTests.EditText_BoldTest"/>
  <testcase name="" time="3.379" classname="tests.mainPageTests.portfolioPageTests.EditText_BoldTest"/>
  <testcase name="" time="3.328" classname="tests.mainPageTests.portfolioPageTests.EditText_BoldTest"/>
  <testcase name="" time="3.418" classname="tests.mainPageTests.portfolioPageTests.EditText_BoldTest"/>
  <testcase name="" time="2.858" classname="tests.mainPageTests.portfolioPageTests.EditText_BoldTest"/>
  <testcase name="" time="3.236" classname="tests.mainPageTests.portfolioPageTests.EditText_ItalicTest"/>
  <testcase name="" time="2.325" classname="tests.mainPageTests.portfolioPageTests.EditText_ItalicTest"/>
  <testcase name="" time="3.484" classname="tests.mainPageTests.portfolioPageTests.EditText_ItalicTest"/>
  <testcase name="" time="3.822" classname="tests.mainPageTests.portfolioPageTests.EditText_ItalicTest"/>
  <testcase name="" time="3.249" classname="tests.mainPageTests.portfolioPageTests.EditText_ItalicTest"/>
  <testcase name="" time="3.202" classname="tests.mainPageTests.portfolioPageTests.EditText_UnderlineTest"/>
  <testcase name="" time="2.85" classname="tests.mainPageTests.portfolioPageTests.EditText_UnderlineTest"/>
  <testcase name="" time="2.813" classname="tests.mainPageTests.portfolioPageTests.EditText_UnderlineTest"/>
  <testcase name="" time="2.818" classname="tests.mainPageTests.portfolioPageTests.EditText_UnderlineTest"/>
  <testcase name="" time="3.31" classname="tests.mainPageTests.portfolioPageTests.EditText_UnderlineTest"/>
  <testcase name="" time="5.145" classname="tests.mainPageTests.portfolioPageTests.AddFileInPortfolioTest"/>
  <testcase name="" time="4.796" classname="tests.mainPageTests.portfolioPageTests.AddFileInPortfolioTest">
    <failure type="java.lang.AssertionError" message="Invalid file was safe on page of Common portfolio expected [true] but found [false]">
      <![CDATA[java.lang.AssertionError: Invalid file was safe on page of Common portfolio expected [true] but found [false]
	at tests.mainPageTests.portfolioPageTests.AddFileInPortfolioTest.addFileAndSafeWithInvalidFile(AddFileInPortfolioTest.java:42)
	at runner.Runner.run(Runner.java:49)
	at runner.Runner.main(Runner.java:22)
	at org.codehaus.mojo.exec.ExecJavaMojo$1.run(ExecJavaMojo.java:282)
	at java.lang.Thread.run(Thread.java:748)
... Removed 28 stack frames]]>
    </failure>
  </testcase> <!--  -->
  <testcase name="" time="45.503" classname="tests.mainPageTests.portfolioPageTests.AddFileInPortfolioTest"/>
  <testcase name="" time="14.588" classname="tests.mainPageTests.portfolioPageTests.AddFileInPortfolioTest"/>
</testsuite> <!-- Portfolio page testing -->
