<?xml version="1.0" encoding="utf-8" ?>
<!DOCTYPE html PUBLIC "-//W3C//DTD XHTML 1.0 Strict//EN"
        "http://www.w3.org/TR/xhtml1/DTD/xhtml1-strict.dtd">
<html xmlns="http://www.w3.org/1999/xhtml" xml:lang="" lang="">
<head>
  <title>Test Results Report - Main page testing</title>
  <meta http-equiv="Content-Type" content="text/html;charset=utf-8" />
  <meta name="description" content="TestNG unit test results." />
  <link href="reportng.css" rel="stylesheet" type="text/css" />
    <script type="text/javascript" src="reportng.js"></script>
</head>
<body>
<h1>Main page testing</h1>
<p>
  Test duration: 329.580s
</p>

  <table class="resultsTable configTable">
    <tr><th colspan="3" class="header failedConfig">Failed Configuration</th></tr>
              <tr class="group">
        <td colspan="3">tests.mainPageTests.NewsTest</td>
      </tr>
            
<tr>
  <td class="method">
                       ()
      </td>
  <td class="duration">
    0.000s
  </td>
  <td class="result">
        
    
            <div class="testOutput">
                        2018-05-31 13:35:51 INFO  BaseTest:48 - closeAuthorizationOut

                                2018-05-31 13:36:33 WARN  LoginPage:64 - isLoginPage false

                  </div>
    

        <a href="javascript:toggleElement('exception-0', 'block')" title="Click to expand/collapse"><b>org.openqa.selenium.TimeoutException: Expected condition failed: waiting for ui.CommonPage$$Lambda$110/673969048@4f690ee9 (tried for 30 second(s) with 1 MILLISECONDS interval)<br/>
Build info: version: &apos;3.5.3&apos;, revision: &apos;a88d25fe6b&apos;, time: &apos;2017-08-29T12:42:44.417Z&apos;<br/>
System info: host: &apos;EPRUSARW1003&apos;, ip: &apos;10.11.14.128&apos;, os.name: &apos;Windows 10&apos;, os.arch: &apos;amd64&apos;, os.version: &apos;10.0&apos;, java.version: &apos;1.8.0_161&apos;<br/>
Driver info: org.openqa.selenium.support.events.EventFiringWebDriver</b></a><br />
    <div class="stackTrace" id="exception-0">
              org.openqa.selenium.support.ui.WebDriverWait.timeoutException(WebDriverWait.java:80)<br />
              org.openqa.selenium.support.ui.FluentWait.until(FluentWait.java:232)<br />
              ui.CommonPage.logout(CommonPage.java:102)<br />
              tests.BaseTest.authorizationOut(BaseTest.java:49)<br />
              sun.reflect.NativeMethodAccessorImpl.invoke0(Native Method)<br />
              sun.reflect.NativeMethodAccessorImpl.invoke(NativeMethodAccessorImpl.java:62)<br />
              sun.reflect.DelegatingMethodAccessorImpl.invoke(DelegatingMethodAccessorImpl.java:43)<br />
              java.lang.reflect.Method.invoke(Method.java:498)<br />
              org.testng.internal.MethodInvocationHelper.invokeMethod(MethodInvocationHelper.java:86)<br />
              org.testng.internal.Invoker.invokeConfigurationMethod(Invoker.java:514)<br />
              org.testng.internal.Invoker.invokeConfigurations(Invoker.java:215)<br />
              org.testng.internal.Invoker.invokeConfigurations(Invoker.java:142)<br />
              org.testng.internal.TestMethodWorker.invokeAfterClassMethods(TestMethodWorker.java:232)<br />
              org.testng.internal.TestMethodWorker.run(TestMethodWorker.java:115)<br />
              org.testng.TestRunner.privateRun(TestRunner.java:782)<br />
              org.testng.TestRunner.run(TestRunner.java:632)<br />
              org.testng.SuiteRunner.runTest(SuiteRunner.java:366)<br />
              org.testng.SuiteRunner.runSequentially(SuiteRunner.java:361)<br />
              org.testng.SuiteRunner.privateRun(SuiteRunner.java:319)<br />
              org.testng.SuiteRunner.run(SuiteRunner.java:268)<br />
              org.testng.SuiteRunnerWorker.runSuite(SuiteRunnerWorker.java:52)<br />
              org.testng.SuiteRunnerWorker.run(SuiteRunnerWorker.java:86)<br />
              org.testng.TestNG.runSuitesSequentially(TestNG.java:1244)<br />
              org.testng.TestNG.runSuitesLocally(TestNG.java:1169)<br />
              org.testng.TestNG.run(TestNG.java:1064)<br />
              runner.Runner.run(Runner.java:49)<br />
              runner.Runner.main(Runner.java:22)<br />
              sun.reflect.NativeMethodAccessorImpl.invoke0(Native Method)<br />
              sun.reflect.NativeMethodAccessorImpl.invoke(NativeMethodAccessorImpl.java:62)<br />
              sun.reflect.DelegatingMethodAccessorImpl.invoke(DelegatingMethodAccessorImpl.java:43)<br />
              java.lang.reflect.Method.invoke(Method.java:498)<br />
              org.codehaus.mojo.exec.ExecJavaMojo$1.run(ExecJavaMojo.java:282)<br />
              java.lang.Thread.run(Thread.java:748)<br />
                </div>
      </td>
</tr>
    
          <tr><td colspan="3">&nbsp;</td></tr>
      <tr><td colspan="3" class="header skippedConfig">Skipped Configuration</td></tr>
                    <tr>
          <td colspan="3" class="group">tests.mainPageTests.ImageBlockTest</td>
        </tr>
                
<tr>
  <td class="method">
                       ()
      </td>
  <td class="duration">
    0.000s
  </td>
  <td class="result">
                               
    
        

      </td>
</tr>
<tr>
  <td class="method">
                       ()
      </td>
  <td class="duration">
    0.000s
  </td>
  <td class="result">
                               
    
        

      </td>
</tr>
<tr>
  <td class="method">
                       ()
      </td>
  <td class="duration">
    0.000s
  </td>
  <td class="result">
                               
    
        

      </td>
</tr>
<tr>
  <td class="method">
                       ()
      </td>
  <td class="duration">
    0.000s
  </td>
  <td class="result">
                               
    
        

      </td>
</tr>
<tr>
  <td class="method">
                       ()
      </td>
  <td class="duration">
    0.000s
  </td>
  <td class="result">
                               
    
        

      </td>
</tr>
<tr>
  <td class="method">
                       ()
      </td>
  <td class="duration">
    0.000s
  </td>
  <td class="result">
                               
    
        

      </td>
</tr>
<tr>
  <td class="method">
                       ()
      </td>
  <td class="duration">
    0.000s
  </td>
  <td class="result">
                               
    
        

      </td>
</tr>
              <tr>
          <td colspan="3" class="group">tests.mainPageTests.PhoneTest</td>
        </tr>
                
<tr>
  <td class="method">
                       ()
      </td>
  <td class="duration">
    0.000s
  </td>
  <td class="result">
                               
    
        

      </td>
</tr>
<tr>
  <td class="method">
                       ()
      </td>
  <td class="duration">
    0.000s
  </td>
  <td class="result">
                               
    
        

      </td>
</tr>
<tr>
  <td class="method">
                       ()
      </td>
  <td class="duration">
    0.000s
  </td>
  <td class="result">
                               
    
        

      </td>
</tr>
<tr>
  <td class="method">
                       ()
      </td>
  <td class="duration">
    0.000s
  </td>
  <td class="result">
                               
    
        

      </td>
</tr>
<tr>
  <td class="method">
                       ()
      </td>
  <td class="duration">
    0.000s
  </td>
  <td class="result">
                               
    
        

      </td>
</tr>
<tr>
  <td class="method">
                       ()
      </td>
  <td class="duration">
    0.000s
  </td>
  <td class="result">
                               
    
        

      </td>
</tr>
<tr>
  <td class="method">
                       ()
      </td>
  <td class="duration">
    0.000s
  </td>
  <td class="result">
                               
    
        

      </td>
</tr>
<tr>
  <td class="method">
                       ()
      </td>
  <td class="duration">
    0.000s
  </td>
  <td class="result">
                               
    
        

      </td>
</tr>
<tr>
  <td class="method">
                       ()
      </td>
  <td class="duration">
    0.000s
  </td>
  <td class="result">
                               
    
        

      </td>
</tr>
<tr>
  <td class="method">
                       ()
      </td>
  <td class="duration">
    0.000s
  </td>
  <td class="result">
                               
    
        

      </td>
</tr>
            </table>


  <table class="resultsTable">
    <tr><th colspan="3" class="header failed">Failed Tests</th></tr>
          <tr>
        <td colspan="3" class="group">tests.mainPageTests.BirthdayTest</td>
      </tr>
            
<tr>
  <td class="method">
                       ()
      </td>
  <td class="duration">
    30.772s
  </td>
  <td class="result">
        
          <i>Method arguments: </i><span class="arguments">"05/45/1987"</span><br />
    
            <div class="testOutput">
                        2018-05-31 13:32:37 INFO  BirthdayTest:42 - TC_CPT_1.7.2/TC_CPT_1.7.3 changeBirthdayWithInvalidText

                                2018-05-31 13:32:37 INFO  MainPage:135 - changeBirthday 05/45/1987

                                2018-05-31 13:33:07 WARN  MainPage:147 - isBirthdayPresent 05/45/1987 true

                                2018-05-31 13:33:08 INFO  Screenshot:43 - <a href='screenshots/screenshot879145814483624930.png'>AutoScreen</a>

                  </div>
    

        <a href="javascript:toggleElement('exception-17', 'block')" title="Click to expand/collapse"><b>java.lang.AssertionError: Invalid text safe as birthdays!! expected [false] but found [true]</b></a><br />
    <div class="stackTrace" id="exception-17">
              org.testng.Assert.fail(Assert.java:94)<br />
              org.testng.Assert.failNotEquals(Assert.java:513)<br />
              org.testng.Assert.assertFalse(Assert.java:63)<br />
              tests.mainPageTests.BirthdayTest.changeBirthdayWithInvalidText(BirthdayTest.java:45)<br />
              sun.reflect.NativeMethodAccessorImpl.invoke0(Native Method)<br />
              sun.reflect.NativeMethodAccessorImpl.invoke(NativeMethodAccessorImpl.java:62)<br />
              sun.reflect.DelegatingMethodAccessorImpl.invoke(DelegatingMethodAccessorImpl.java:43)<br />
              java.lang.reflect.Method.invoke(Method.java:498)<br />
              org.testng.internal.MethodInvocationHelper.invokeMethod(MethodInvocationHelper.java:86)<br />
              org.testng.internal.Invoker.invokeMethod(Invoker.java:643)<br />
              org.testng.internal.Invoker.invokeTestMethod(Invoker.java:820)<br />
              org.testng.internal.Invoker.invokeTestMethods(Invoker.java:1128)<br />
              org.testng.internal.TestMethodWorker.invokeTestMethods(TestMethodWorker.java:129)<br />
              org.testng.internal.TestMethodWorker.run(TestMethodWorker.java:112)<br />
              org.testng.TestRunner.privateRun(TestRunner.java:782)<br />
              org.testng.TestRunner.run(TestRunner.java:632)<br />
              org.testng.SuiteRunner.runTest(SuiteRunner.java:366)<br />
              org.testng.SuiteRunner.runSequentially(SuiteRunner.java:361)<br />
              org.testng.SuiteRunner.privateRun(SuiteRunner.java:319)<br />
              org.testng.SuiteRunner.run(SuiteRunner.java:268)<br />
              org.testng.SuiteRunnerWorker.runSuite(SuiteRunnerWorker.java:52)<br />
              org.testng.SuiteRunnerWorker.run(SuiteRunnerWorker.java:86)<br />
              org.testng.TestNG.runSuitesSequentially(TestNG.java:1244)<br />
              org.testng.TestNG.runSuitesLocally(TestNG.java:1169)<br />
              org.testng.TestNG.run(TestNG.java:1064)<br />
              runner.Runner.run(Runner.java:49)<br />
              runner.Runner.main(Runner.java:22)<br />
              sun.reflect.NativeMethodAccessorImpl.invoke0(Native Method)<br />
              sun.reflect.NativeMethodAccessorImpl.invoke(NativeMethodAccessorImpl.java:62)<br />
              sun.reflect.DelegatingMethodAccessorImpl.invoke(DelegatingMethodAccessorImpl.java:43)<br />
              java.lang.reflect.Method.invoke(Method.java:498)<br />
              org.codehaus.mojo.exec.ExecJavaMojo$1.run(ExecJavaMojo.java:282)<br />
              java.lang.Thread.run(Thread.java:748)<br />
                </div>
      </td>
</tr>
<tr>
  <td class="method">
                       ()
      </td>
  <td class="duration">
    0.711s
  </td>
  <td class="result">
        
          <i>Method arguments: </i><span class="arguments">"^$%#$@"</span><br />
    
            <div class="testOutput">
                        2018-05-31 13:33:11 INFO  BirthdayTest:42 - TC_CPT_1.7.2/TC_CPT_1.7.3 changeBirthdayWithInvalidText

                                2018-05-31 13:33:11 INFO  MainPage:135 - changeBirthday ^$%#$@

                                2018-05-31 13:33:11 WARN  MainPage:147 - isBirthdayPresent ^$%#$@ true

                                2018-05-31 13:33:12 INFO  Screenshot:43 - <a href='screenshots/screenshot6048602438282432647.png'>AutoScreen</a>

                  </div>
    

        <a href="javascript:toggleElement('exception-18', 'block')" title="Click to expand/collapse"><b>java.lang.AssertionError: Invalid text safe as birthdays!! expected [false] but found [true]</b></a><br />
    <div class="stackTrace" id="exception-18">
              org.testng.Assert.fail(Assert.java:94)<br />
              org.testng.Assert.failNotEquals(Assert.java:513)<br />
              org.testng.Assert.assertFalse(Assert.java:63)<br />
              tests.mainPageTests.BirthdayTest.changeBirthdayWithInvalidText(BirthdayTest.java:45)<br />
              sun.reflect.NativeMethodAccessorImpl.invoke0(Native Method)<br />
              sun.reflect.NativeMethodAccessorImpl.invoke(NativeMethodAccessorImpl.java:62)<br />
              sun.reflect.DelegatingMethodAccessorImpl.invoke(DelegatingMethodAccessorImpl.java:43)<br />
              java.lang.reflect.Method.invoke(Method.java:498)<br />
              org.testng.internal.MethodInvocationHelper.invokeMethod(MethodInvocationHelper.java:86)<br />
              org.testng.internal.Invoker.invokeMethod(Invoker.java:643)<br />
              org.testng.internal.Invoker.invokeTestMethod(Invoker.java:820)<br />
              org.testng.internal.Invoker.invokeTestMethods(Invoker.java:1128)<br />
              org.testng.internal.TestMethodWorker.invokeTestMethods(TestMethodWorker.java:129)<br />
              org.testng.internal.TestMethodWorker.run(TestMethodWorker.java:112)<br />
              org.testng.TestRunner.privateRun(TestRunner.java:782)<br />
              org.testng.TestRunner.run(TestRunner.java:632)<br />
              org.testng.SuiteRunner.runTest(SuiteRunner.java:366)<br />
              org.testng.SuiteRunner.runSequentially(SuiteRunner.java:361)<br />
              org.testng.SuiteRunner.privateRun(SuiteRunner.java:319)<br />
              org.testng.SuiteRunner.run(SuiteRunner.java:268)<br />
              org.testng.SuiteRunnerWorker.runSuite(SuiteRunnerWorker.java:52)<br />
              org.testng.SuiteRunnerWorker.run(SuiteRunnerWorker.java:86)<br />
              org.testng.TestNG.runSuitesSequentially(TestNG.java:1244)<br />
              org.testng.TestNG.runSuitesLocally(TestNG.java:1169)<br />
              org.testng.TestNG.run(TestNG.java:1064)<br />
              runner.Runner.run(Runner.java:49)<br />
              runner.Runner.main(Runner.java:22)<br />
              sun.reflect.NativeMethodAccessorImpl.invoke0(Native Method)<br />
              sun.reflect.NativeMethodAccessorImpl.invoke(NativeMethodAccessorImpl.java:62)<br />
              sun.reflect.DelegatingMethodAccessorImpl.invoke(DelegatingMethodAccessorImpl.java:43)<br />
              java.lang.reflect.Method.invoke(Method.java:498)<br />
              org.codehaus.mojo.exec.ExecJavaMojo$1.run(ExecJavaMojo.java:282)<br />
              java.lang.Thread.run(Thread.java:748)<br />
                </div>
      </td>
</tr>
<tr>
  <td class="method">
                       ()
      </td>
  <td class="duration">
    0.687s
  </td>
  <td class="result">
        
          <i>Method arguments: </i><span class="arguments">"09.12.2030"</span><br />
    
            <div class="testOutput">
                        2018-05-31 13:33:09 INFO  BirthdayTest:42 - TC_CPT_1.7.2/TC_CPT_1.7.3 changeBirthdayWithInvalidText

                                2018-05-31 13:33:09 INFO  MainPage:135 - changeBirthday 09.12.2030

                                2018-05-31 13:33:09 WARN  MainPage:147 - isBirthdayPresent 09.12.2030 true

                                2018-05-31 13:33:10 INFO  Screenshot:43 - <a href='screenshots/screenshot618799935730592340.png'>AutoScreen</a>

                  </div>
    

        <a href="javascript:toggleElement('exception-19', 'block')" title="Click to expand/collapse"><b>java.lang.AssertionError: Invalid text safe as birthdays!! expected [false] but found [true]</b></a><br />
    <div class="stackTrace" id="exception-19">
              org.testng.Assert.fail(Assert.java:94)<br />
              org.testng.Assert.failNotEquals(Assert.java:513)<br />
              org.testng.Assert.assertFalse(Assert.java:63)<br />
              tests.mainPageTests.BirthdayTest.changeBirthdayWithInvalidText(BirthdayTest.java:45)<br />
              sun.reflect.NativeMethodAccessorImpl.invoke0(Native Method)<br />
              sun.reflect.NativeMethodAccessorImpl.invoke(NativeMethodAccessorImpl.java:62)<br />
              sun.reflect.DelegatingMethodAccessorImpl.invoke(DelegatingMethodAccessorImpl.java:43)<br />
              java.lang.reflect.Method.invoke(Method.java:498)<br />
              org.testng.internal.MethodInvocationHelper.invokeMethod(MethodInvocationHelper.java:86)<br />
              org.testng.internal.Invoker.invokeMethod(Invoker.java:643)<br />
              org.testng.internal.Invoker.invokeTestMethod(Invoker.java:820)<br />
              org.testng.internal.Invoker.invokeTestMethods(Invoker.java:1128)<br />
              org.testng.internal.TestMethodWorker.invokeTestMethods(TestMethodWorker.java:129)<br />
              org.testng.internal.TestMethodWorker.run(TestMethodWorker.java:112)<br />
              org.testng.TestRunner.privateRun(TestRunner.java:782)<br />
              org.testng.TestRunner.run(TestRunner.java:632)<br />
              org.testng.SuiteRunner.runTest(SuiteRunner.java:366)<br />
              org.testng.SuiteRunner.runSequentially(SuiteRunner.java:361)<br />
              org.testng.SuiteRunner.privateRun(SuiteRunner.java:319)<br />
              org.testng.SuiteRunner.run(SuiteRunner.java:268)<br />
              org.testng.SuiteRunnerWorker.runSuite(SuiteRunnerWorker.java:52)<br />
              org.testng.SuiteRunnerWorker.run(SuiteRunnerWorker.java:86)<br />
              org.testng.TestNG.runSuitesSequentially(TestNG.java:1244)<br />
              org.testng.TestNG.runSuitesLocally(TestNG.java:1169)<br />
              org.testng.TestNG.run(TestNG.java:1064)<br />
              runner.Runner.run(Runner.java:49)<br />
              runner.Runner.main(Runner.java:22)<br />
              sun.reflect.NativeMethodAccessorImpl.invoke0(Native Method)<br />
              sun.reflect.NativeMethodAccessorImpl.invoke(NativeMethodAccessorImpl.java:62)<br />
              sun.reflect.DelegatingMethodAccessorImpl.invoke(DelegatingMethodAccessorImpl.java:43)<br />
              java.lang.reflect.Method.invoke(Method.java:498)<br />
              org.codehaus.mojo.exec.ExecJavaMojo$1.run(ExecJavaMojo.java:282)<br />
              java.lang.Thread.run(Thread.java:748)<br />
                </div>
      </td>
</tr>
<tr>
  <td class="method">
                       ()
      </td>
  <td class="duration">
    0.704s
  </td>
  <td class="result">
        
          <i>Method arguments: </i><span class="arguments">"test"</span><br />
    
            <div class="testOutput">
                        2018-05-31 13:32:34 INFO  BirthdayTest:42 - TC_CPT_1.7.2/TC_CPT_1.7.3 changeBirthdayWithInvalidText

                                2018-05-31 13:32:34 INFO  MainPage:135 - changeBirthday test

                                2018-05-31 13:32:35 WARN  MainPage:147 - isBirthdayPresent test true

                                2018-05-31 13:32:35 INFO  Screenshot:43 - <a href='screenshots/screenshot8964402638670134471.png'>AutoScreen</a>

                  </div>
    

        <a href="javascript:toggleElement('exception-20', 'block')" title="Click to expand/collapse"><b>java.lang.AssertionError: Invalid text safe as birthdays!! expected [false] but found [true]</b></a><br />
    <div class="stackTrace" id="exception-20">
              org.testng.Assert.fail(Assert.java:94)<br />
              org.testng.Assert.failNotEquals(Assert.java:513)<br />
              org.testng.Assert.assertFalse(Assert.java:63)<br />
              tests.mainPageTests.BirthdayTest.changeBirthdayWithInvalidText(BirthdayTest.java:45)<br />
              sun.reflect.NativeMethodAccessorImpl.invoke0(Native Method)<br />
              sun.reflect.NativeMethodAccessorImpl.invoke(NativeMethodAccessorImpl.java:62)<br />
              sun.reflect.DelegatingMethodAccessorImpl.invoke(DelegatingMethodAccessorImpl.java:43)<br />
              java.lang.reflect.Method.invoke(Method.java:498)<br />
              org.testng.internal.MethodInvocationHelper.invokeMethod(MethodInvocationHelper.java:86)<br />
              org.testng.internal.Invoker.invokeMethod(Invoker.java:643)<br />
              org.testng.internal.Invoker.invokeTestMethod(Invoker.java:820)<br />
              org.testng.internal.Invoker.invokeTestMethods(Invoker.java:1128)<br />
              org.testng.internal.TestMethodWorker.invokeTestMethods(TestMethodWorker.java:129)<br />
              org.testng.internal.TestMethodWorker.run(TestMethodWorker.java:112)<br />
              org.testng.TestRunner.privateRun(TestRunner.java:782)<br />
              org.testng.TestRunner.run(TestRunner.java:632)<br />
              org.testng.SuiteRunner.runTest(SuiteRunner.java:366)<br />
              org.testng.SuiteRunner.runSequentially(SuiteRunner.java:361)<br />
              org.testng.SuiteRunner.privateRun(SuiteRunner.java:319)<br />
              org.testng.SuiteRunner.run(SuiteRunner.java:268)<br />
              org.testng.SuiteRunnerWorker.runSuite(SuiteRunnerWorker.java:52)<br />
              org.testng.SuiteRunnerWorker.run(SuiteRunnerWorker.java:86)<br />
              org.testng.TestNG.runSuitesSequentially(TestNG.java:1244)<br />
              org.testng.TestNG.runSuitesLocally(TestNG.java:1169)<br />
              org.testng.TestNG.run(TestNG.java:1064)<br />
              runner.Runner.run(Runner.java:49)<br />
              runner.Runner.main(Runner.java:22)<br />
              sun.reflect.NativeMethodAccessorImpl.invoke0(Native Method)<br />
              sun.reflect.NativeMethodAccessorImpl.invoke(NativeMethodAccessorImpl.java:62)<br />
              sun.reflect.DelegatingMethodAccessorImpl.invoke(DelegatingMethodAccessorImpl.java:43)<br />
              java.lang.reflect.Method.invoke(Method.java:498)<br />
              org.codehaus.mojo.exec.ExecJavaMojo$1.run(ExecJavaMojo.java:282)<br />
              java.lang.Thread.run(Thread.java:748)<br />
                </div>
      </td>
</tr>
          <tr>
        <td colspan="3" class="group">tests.mainPageTests.MainPageTest</td>
      </tr>
            
<tr>
  <td class="method">
                       ()
      </td>
  <td class="duration">
    12.079s
  </td>
  <td class="result">
        
          <i>Method arguments: </i><span class="arguments">"mari-lukashowa@yandex.ru", "password"</span><br />
    
            <div class="testOutput">
                        2018-05-31 13:34:48 INFO  MainPageTest:64 - TC_CPT_1.6.2./TC_CPT_1.6.3./TC_CPT_1.6.4. changeEmailWithInvalidText

                                2018-05-31 13:34:48 INFO  MainPage:194 - openChangeEmailPage

                                2018-05-31 13:34:48 WARN  ChangeEmailPage:69 - isChangeEmailPage true

                                2018-05-31 13:34:49 INFO  ChangeEmailPage:31 - setEmail mari-lukashowa@yandex.ru

                                2018-05-31 13:34:49 INFO  ChangeEmailPage:38 - setCurrentPassword password

                                2018-05-31 13:34:49 INFO  ChangeEmailPage:43 - clickBtnSafe

                                2018-05-31 13:35:00 WARN  ChangeEmailPage:59 - isErrorPresent false

                                2018-05-31 13:35:01 INFO  Screenshot:43 - <a href='screenshots/screenshot4882537979059622786.png'>AutoScreen</a>

                  </div>
    

        <a href="javascript:toggleElement('exception-21', 'block')" title="Click to expand/collapse"><b>java.lang.AssertionError: Message error isn&apos;t displayed expected [true] but found [false]</b></a><br />
    <div class="stackTrace" id="exception-21">
              org.testng.Assert.fail(Assert.java:94)<br />
              org.testng.Assert.failNotEquals(Assert.java:513)<br />
              org.testng.Assert.assertTrue(Assert.java:42)<br />
              tests.mainPageTests.MainPageTest.changeEmailWithInvalidText(MainPageTest.java:70)<br />
              sun.reflect.NativeMethodAccessorImpl.invoke0(Native Method)<br />
              sun.reflect.NativeMethodAccessorImpl.invoke(NativeMethodAccessorImpl.java:62)<br />
              sun.reflect.DelegatingMethodAccessorImpl.invoke(DelegatingMethodAccessorImpl.java:43)<br />
              java.lang.reflect.Method.invoke(Method.java:498)<br />
              org.testng.internal.MethodInvocationHelper.invokeMethod(MethodInvocationHelper.java:86)<br />
              org.testng.internal.Invoker.invokeMethod(Invoker.java:643)<br />
              org.testng.internal.Invoker.invokeTestMethod(Invoker.java:820)<br />
              org.testng.internal.Invoker.invokeTestMethods(Invoker.java:1128)<br />
              org.testng.internal.TestMethodWorker.invokeTestMethods(TestMethodWorker.java:129)<br />
              org.testng.internal.TestMethodWorker.run(TestMethodWorker.java:112)<br />
              org.testng.TestRunner.privateRun(TestRunner.java:782)<br />
              org.testng.TestRunner.run(TestRunner.java:632)<br />
              org.testng.SuiteRunner.runTest(SuiteRunner.java:366)<br />
              org.testng.SuiteRunner.runSequentially(SuiteRunner.java:361)<br />
              org.testng.SuiteRunner.privateRun(SuiteRunner.java:319)<br />
              org.testng.SuiteRunner.run(SuiteRunner.java:268)<br />
              org.testng.SuiteRunnerWorker.runSuite(SuiteRunnerWorker.java:52)<br />
              org.testng.SuiteRunnerWorker.run(SuiteRunnerWorker.java:86)<br />
              org.testng.TestNG.runSuitesSequentially(TestNG.java:1244)<br />
              org.testng.TestNG.runSuitesLocally(TestNG.java:1169)<br />
              org.testng.TestNG.run(TestNG.java:1064)<br />
              runner.Runner.run(Runner.java:49)<br />
              runner.Runner.main(Runner.java:22)<br />
              sun.reflect.NativeMethodAccessorImpl.invoke0(Native Method)<br />
              sun.reflect.NativeMethodAccessorImpl.invoke(NativeMethodAccessorImpl.java:62)<br />
              sun.reflect.DelegatingMethodAccessorImpl.invoke(DelegatingMethodAccessorImpl.java:43)<br />
              java.lang.reflect.Method.invoke(Method.java:498)<br />
              org.codehaus.mojo.exec.ExecJavaMojo$1.run(ExecJavaMojo.java:282)<br />
              java.lang.Thread.run(Thread.java:748)<br />
                </div>
      </td>
</tr>
          <tr>
        <td colspan="3" class="group">tests.mainPageTests.NewsTest</td>
      </tr>
            
<tr>
  <td class="method">
                       ()
      </td>
  <td class="duration">
    33.165s
  </td>
  <td class="result">
        
          <i>Method arguments: </i><span class="arguments">""</span><br />
    
            <div class="testOutput">
                        2018-05-31 13:35:12 INFO  NewsTest:36 - TC_CPT_1.3.1/TC_CPT_1.3.3 commentNewsWithInvalidMessage

                                2018-05-31 13:35:12 INFO  MainPage:187 - openNews

                                2018-05-31 13:35:15 WARN  NewsPage:53 - isNewsPage true

                                2018-05-31 13:35:15 INFO  NewsPage:23 - countItemMessage

                                2018-05-31 13:35:15 INFO  NewsPage:29 - sentMessange: 

                                2018-05-31 13:35:45 WARN  NewsPage:45 - isMessangePresent  false

                                2018-05-31 13:35:45 INFO  NewsPage:23 - countItemMessage

                                2018-05-31 13:35:46 INFO  Screenshot:43 - <a href='screenshots/screenshot8064831403174323520.png'>AutoScreen</a>

                  </div>
    

        <a href="javascript:toggleElement('exception-22', 'block')" title="Click to expand/collapse"><b>java.lang.AssertionError: Message with invalid text sent! Karl!! expected [true] but found [false]</b></a><br />
    <div class="stackTrace" id="exception-22">
              org.testng.Assert.fail(Assert.java:94)<br />
              org.testng.Assert.failNotEquals(Assert.java:513)<br />
              org.testng.Assert.assertTrue(Assert.java:42)<br />
              tests.mainPageTests.NewsTest.commentNewsWithInvalidMessage(NewsTest.java:41)<br />
              sun.reflect.NativeMethodAccessorImpl.invoke0(Native Method)<br />
              sun.reflect.NativeMethodAccessorImpl.invoke(NativeMethodAccessorImpl.java:62)<br />
              sun.reflect.DelegatingMethodAccessorImpl.invoke(DelegatingMethodAccessorImpl.java:43)<br />
              java.lang.reflect.Method.invoke(Method.java:498)<br />
              org.testng.internal.MethodInvocationHelper.invokeMethod(MethodInvocationHelper.java:86)<br />
              org.testng.internal.Invoker.invokeMethod(Invoker.java:643)<br />
              org.testng.internal.Invoker.invokeTestMethod(Invoker.java:820)<br />
              org.testng.internal.Invoker.invokeTestMethods(Invoker.java:1128)<br />
              org.testng.internal.TestMethodWorker.invokeTestMethods(TestMethodWorker.java:129)<br />
              org.testng.internal.TestMethodWorker.run(TestMethodWorker.java:112)<br />
              org.testng.TestRunner.privateRun(TestRunner.java:782)<br />
              org.testng.TestRunner.run(TestRunner.java:632)<br />
              org.testng.SuiteRunner.runTest(SuiteRunner.java:366)<br />
              org.testng.SuiteRunner.runSequentially(SuiteRunner.java:361)<br />
              org.testng.SuiteRunner.privateRun(SuiteRunner.java:319)<br />
              org.testng.SuiteRunner.run(SuiteRunner.java:268)<br />
              org.testng.SuiteRunnerWorker.runSuite(SuiteRunnerWorker.java:52)<br />
              org.testng.SuiteRunnerWorker.run(SuiteRunnerWorker.java:86)<br />
              org.testng.TestNG.runSuitesSequentially(TestNG.java:1244)<br />
              org.testng.TestNG.runSuitesLocally(TestNG.java:1169)<br />
              org.testng.TestNG.run(TestNG.java:1064)<br />
              runner.Runner.run(Runner.java:49)<br />
              runner.Runner.main(Runner.java:22)<br />
              sun.reflect.NativeMethodAccessorImpl.invoke0(Native Method)<br />
              sun.reflect.NativeMethodAccessorImpl.invoke(NativeMethodAccessorImpl.java:62)<br />
              sun.reflect.DelegatingMethodAccessorImpl.invoke(DelegatingMethodAccessorImpl.java:43)<br />
              java.lang.reflect.Method.invoke(Method.java:498)<br />
              org.codehaus.mojo.exec.ExecJavaMojo$1.run(ExecJavaMojo.java:282)<br />
              java.lang.Thread.run(Thread.java:748)<br />
                </div>
      </td>
</tr>
<tr>
  <td class="method">
                       ()
      </td>
  <td class="duration">
    3.531s
  </td>
  <td class="result">
        
          <i>Method arguments: </i><span class="arguments">"%#$%@%@#@#^^$"</span><br />
    
            <div class="testOutput">
                        2018-05-31 13:35:47 INFO  NewsTest:36 - TC_CPT_1.3.1/TC_CPT_1.3.3 commentNewsWithInvalidMessage

                                2018-05-31 13:35:47 INFO  MainPage:187 - openNews

                                2018-05-31 13:35:50 WARN  NewsPage:53 - isNewsPage true

                                2018-05-31 13:35:50 INFO  NewsPage:23 - countItemMessage

                                2018-05-31 13:35:50 INFO  NewsPage:29 - sentMessange: %#$%@%@#@#^^$

                                2018-05-31 13:35:51 WARN  NewsPage:42 - isMessangePresent %#$%@%@#@#^^$ true

                                2018-05-31 13:35:51 INFO  Screenshot:43 - <a href='screenshots/screenshot8673878480107390430.png'>AutoScreen</a>

                  </div>
    

        <a href="javascript:toggleElement('exception-23', 'block')" title="Click to expand/collapse"><b>java.lang.AssertionError: Message with invalid text sent! Karl!! expected [true] but found [false]</b></a><br />
    <div class="stackTrace" id="exception-23">
              org.testng.Assert.fail(Assert.java:94)<br />
              org.testng.Assert.failNotEquals(Assert.java:513)<br />
              org.testng.Assert.assertTrue(Assert.java:42)<br />
              tests.mainPageTests.NewsTest.commentNewsWithInvalidMessage(NewsTest.java:41)<br />
              sun.reflect.NativeMethodAccessorImpl.invoke0(Native Method)<br />
              sun.reflect.NativeMethodAccessorImpl.invoke(NativeMethodAccessorImpl.java:62)<br />
              sun.reflect.DelegatingMethodAccessorImpl.invoke(DelegatingMethodAccessorImpl.java:43)<br />
              java.lang.reflect.Method.invoke(Method.java:498)<br />
              org.testng.internal.MethodInvocationHelper.invokeMethod(MethodInvocationHelper.java:86)<br />
              org.testng.internal.Invoker.invokeMethod(Invoker.java:643)<br />
              org.testng.internal.Invoker.invokeTestMethod(Invoker.java:820)<br />
              org.testng.internal.Invoker.invokeTestMethods(Invoker.java:1128)<br />
              org.testng.internal.TestMethodWorker.invokeTestMethods(TestMethodWorker.java:129)<br />
              org.testng.internal.TestMethodWorker.run(TestMethodWorker.java:112)<br />
              org.testng.TestRunner.privateRun(TestRunner.java:782)<br />
              org.testng.TestRunner.run(TestRunner.java:632)<br />
              org.testng.SuiteRunner.runTest(SuiteRunner.java:366)<br />
              org.testng.SuiteRunner.runSequentially(SuiteRunner.java:361)<br />
              org.testng.SuiteRunner.privateRun(SuiteRunner.java:319)<br />
              org.testng.SuiteRunner.run(SuiteRunner.java:268)<br />
              org.testng.SuiteRunnerWorker.runSuite(SuiteRunnerWorker.java:52)<br />
              org.testng.SuiteRunnerWorker.run(SuiteRunnerWorker.java:86)<br />
              org.testng.TestNG.runSuitesSequentially(TestNG.java:1244)<br />
              org.testng.TestNG.runSuitesLocally(TestNG.java:1169)<br />
              org.testng.TestNG.run(TestNG.java:1064)<br />
              runner.Runner.run(Runner.java:49)<br />
              runner.Runner.main(Runner.java:22)<br />
              sun.reflect.NativeMethodAccessorImpl.invoke0(Native Method)<br />
              sun.reflect.NativeMethodAccessorImpl.invoke(NativeMethodAccessorImpl.java:62)<br />
              sun.reflect.DelegatingMethodAccessorImpl.invoke(DelegatingMethodAccessorImpl.java:43)<br />
              java.lang.reflect.Method.invoke(Method.java:498)<br />
              org.codehaus.mojo.exec.ExecJavaMojo$1.run(ExecJavaMojo.java:282)<br />
              java.lang.Thread.run(Thread.java:748)<br />
                </div>
      </td>
</tr>
          <tr>
        <td colspan="3" class="group">tests.mainPageTests.NoteTest</td>
      </tr>
            
<tr>
  <td class="method">
                       ()
      </td>
  <td class="duration">
    1.033s
  </td>
  <td class="result">
        
          <i>Method arguments: </i><span class="arguments">"%#$%@%@#@#^^$"</span><br />
    
            <div class="testOutput">
                        2018-05-31 13:33:52 INFO  NewsTest:36 - TC_CPT_1.4.1/TC_CPT_1.4.3 addNoteWithInvalidText

                                2018-05-31 13:33:52 INFO  CommonPage:131 - countNote

                                2018-05-31 13:33:53 INFO  CommonPage:116 - addNote %#$%@%@#@#^^$

                                2018-05-31 13:33:53 WARN  CommonPage:149 - isNotePresent true

                                2018-05-31 13:33:53 INFO  Screenshot:43 - <a href='screenshots/screenshot7415290207607981214.png'>AutoScreen</a>

                  </div>
    

        <a href="javascript:toggleElement('exception-24', 'block')" title="Click to expand/collapse"><b>java.lang.AssertionError: The note with invalid text added in list expected [true] but found [false]</b></a><br />
    <div class="stackTrace" id="exception-24">
              org.testng.Assert.fail(Assert.java:94)<br />
              org.testng.Assert.failNotEquals(Assert.java:513)<br />
              org.testng.Assert.assertTrue(Assert.java:42)<br />
              tests.mainPageTests.NoteTest.addNoteWithInvalidText(NoteTest.java:40)<br />
              sun.reflect.NativeMethodAccessorImpl.invoke0(Native Method)<br />
              sun.reflect.NativeMethodAccessorImpl.invoke(NativeMethodAccessorImpl.java:62)<br />
              sun.reflect.DelegatingMethodAccessorImpl.invoke(DelegatingMethodAccessorImpl.java:43)<br />
              java.lang.reflect.Method.invoke(Method.java:498)<br />
              org.testng.internal.MethodInvocationHelper.invokeMethod(MethodInvocationHelper.java:86)<br />
              org.testng.internal.Invoker.invokeMethod(Invoker.java:643)<br />
              org.testng.internal.Invoker.invokeTestMethod(Invoker.java:820)<br />
              org.testng.internal.Invoker.invokeTestMethods(Invoker.java:1128)<br />
              org.testng.internal.TestMethodWorker.invokeTestMethods(TestMethodWorker.java:129)<br />
              org.testng.internal.TestMethodWorker.run(TestMethodWorker.java:112)<br />
              org.testng.TestRunner.privateRun(TestRunner.java:782)<br />
              org.testng.TestRunner.run(TestRunner.java:632)<br />
              org.testng.SuiteRunner.runTest(SuiteRunner.java:366)<br />
              org.testng.SuiteRunner.runSequentially(SuiteRunner.java:361)<br />
              org.testng.SuiteRunner.privateRun(SuiteRunner.java:319)<br />
              org.testng.SuiteRunner.run(SuiteRunner.java:268)<br />
              org.testng.SuiteRunnerWorker.runSuite(SuiteRunnerWorker.java:52)<br />
              org.testng.SuiteRunnerWorker.run(SuiteRunnerWorker.java:86)<br />
              org.testng.TestNG.runSuitesSequentially(TestNG.java:1244)<br />
              org.testng.TestNG.runSuitesLocally(TestNG.java:1169)<br />
              org.testng.TestNG.run(TestNG.java:1064)<br />
              runner.Runner.run(Runner.java:49)<br />
              runner.Runner.main(Runner.java:22)<br />
              sun.reflect.NativeMethodAccessorImpl.invoke0(Native Method)<br />
              sun.reflect.NativeMethodAccessorImpl.invoke(NativeMethodAccessorImpl.java:62)<br />
              sun.reflect.DelegatingMethodAccessorImpl.invoke(DelegatingMethodAccessorImpl.java:43)<br />
              java.lang.reflect.Method.invoke(Method.java:498)<br />
              org.codehaus.mojo.exec.ExecJavaMojo$1.run(ExecJavaMojo.java:282)<br />
              java.lang.Thread.run(Thread.java:748)<br />
                </div>
      </td>
</tr>
<tr>
  <td class="method">
                       ()
      </td>
  <td class="duration">
    1.570s
  </td>
  <td class="result">
        
    
            <div class="testOutput">
                        2018-05-31 13:33:54 INFO  NewsTest:47 - TC_CPT_1.4.4 deleteNote

                                2018-05-31 13:33:54 INFO  CommonPage:131 - countNote

                                2018-05-31 13:33:56 INFO  CommonPage:127 - deleteNote HELLO it is auto TEST

                                2018-05-31 13:33:56 WARN  CommonPage:149 - isNotePresent true

                                2018-05-31 13:33:56 INFO  Screenshot:43 - <a href='screenshots/screenshot4365592407129914440.png'>AutoScreen</a>

                  </div>
    

        <a href="javascript:toggleElement('exception-25', 'block')" title="Click to expand/collapse"><b>java.lang.AssertionError: The note on main page didn&apos;t delete from list expected [true] but found [false]</b></a><br />
    <div class="stackTrace" id="exception-25">
              org.testng.Assert.fail(Assert.java:94)<br />
              org.testng.Assert.failNotEquals(Assert.java:513)<br />
              org.testng.Assert.assertTrue(Assert.java:42)<br />
              tests.mainPageTests.NoteTest.deleteNote(NoteTest.java:51)<br />
              sun.reflect.NativeMethodAccessorImpl.invoke0(Native Method)<br />
              sun.reflect.NativeMethodAccessorImpl.invoke(NativeMethodAccessorImpl.java:62)<br />
              sun.reflect.DelegatingMethodAccessorImpl.invoke(DelegatingMethodAccessorImpl.java:43)<br />
              java.lang.reflect.Method.invoke(Method.java:498)<br />
              org.testng.internal.MethodInvocationHelper.invokeMethod(MethodInvocationHelper.java:86)<br />
              org.testng.internal.Invoker.invokeMethod(Invoker.java:643)<br />
              org.testng.internal.Invoker.invokeTestMethod(Invoker.java:820)<br />
              org.testng.internal.Invoker.invokeTestMethods(Invoker.java:1128)<br />
              org.testng.internal.TestMethodWorker.invokeTestMethods(TestMethodWorker.java:129)<br />
              org.testng.internal.TestMethodWorker.run(TestMethodWorker.java:112)<br />
              org.testng.TestRunner.privateRun(TestRunner.java:782)<br />
              org.testng.TestRunner.run(TestRunner.java:632)<br />
              org.testng.SuiteRunner.runTest(SuiteRunner.java:366)<br />
              org.testng.SuiteRunner.runSequentially(SuiteRunner.java:361)<br />
              org.testng.SuiteRunner.privateRun(SuiteRunner.java:319)<br />
              org.testng.SuiteRunner.run(SuiteRunner.java:268)<br />
              org.testng.SuiteRunnerWorker.runSuite(SuiteRunnerWorker.java:52)<br />
              org.testng.SuiteRunnerWorker.run(SuiteRunnerWorker.java:86)<br />
              org.testng.TestNG.runSuitesSequentially(TestNG.java:1244)<br />
              org.testng.TestNG.runSuitesLocally(TestNG.java:1169)<br />
              org.testng.TestNG.run(TestNG.java:1064)<br />
              runner.Runner.run(Runner.java:49)<br />
              runner.Runner.main(Runner.java:22)<br />
              sun.reflect.NativeMethodAccessorImpl.invoke0(Native Method)<br />
              sun.reflect.NativeMethodAccessorImpl.invoke(NativeMethodAccessorImpl.java:62)<br />
              sun.reflect.DelegatingMethodAccessorImpl.invoke(DelegatingMethodAccessorImpl.java:43)<br />
              java.lang.reflect.Method.invoke(Method.java:498)<br />
              org.codehaus.mojo.exec.ExecJavaMojo$1.run(ExecJavaMojo.java:282)<br />
              java.lang.Thread.run(Thread.java:748)<br />
                </div>
      </td>
</tr>
<tr>
  <td class="method">
                       ()
      </td>
  <td class="duration">
    31.043s
  </td>
  <td class="result">
        
          <i>Method arguments: </i><span class="arguments">""</span><br />
    
            <div class="testOutput">
                        2018-05-31 13:33:19 INFO  NewsTest:36 - TC_CPT_1.4.1/TC_CPT_1.4.3 addNoteWithInvalidText

                                2018-05-31 13:33:19 INFO  CommonPage:131 - countNote

                                2018-05-31 13:33:20 INFO  CommonPage:116 - addNote 

                                2018-05-31 13:33:50 WARN  CommonPage:152 - isNotePresent false

                                2018-05-31 13:33:50 INFO  CommonPage:131 - countNote

                                2018-05-31 13:33:50 INFO  Screenshot:43 - <a href='screenshots/screenshot6447845555397767040.png'>AutoScreen</a>

                  </div>
    

        <a href="javascript:toggleElement('exception-26', 'block')" title="Click to expand/collapse"><b>java.lang.AssertionError: The note with invalid text added in list expected [true] but found [false]</b></a><br />
    <div class="stackTrace" id="exception-26">
              org.testng.Assert.fail(Assert.java:94)<br />
              org.testng.Assert.failNotEquals(Assert.java:513)<br />
              org.testng.Assert.assertTrue(Assert.java:42)<br />
              tests.mainPageTests.NoteTest.addNoteWithInvalidText(NoteTest.java:40)<br />
              sun.reflect.NativeMethodAccessorImpl.invoke0(Native Method)<br />
              sun.reflect.NativeMethodAccessorImpl.invoke(NativeMethodAccessorImpl.java:62)<br />
              sun.reflect.DelegatingMethodAccessorImpl.invoke(DelegatingMethodAccessorImpl.java:43)<br />
              java.lang.reflect.Method.invoke(Method.java:498)<br />
              org.testng.internal.MethodInvocationHelper.invokeMethod(MethodInvocationHelper.java:86)<br />
              org.testng.internal.Invoker.invokeMethod(Invoker.java:643)<br />
              org.testng.internal.Invoker.invokeTestMethod(Invoker.java:820)<br />
              org.testng.internal.Invoker.invokeTestMethods(Invoker.java:1128)<br />
              org.testng.internal.TestMethodWorker.invokeTestMethods(TestMethodWorker.java:129)<br />
              org.testng.internal.TestMethodWorker.run(TestMethodWorker.java:112)<br />
              org.testng.TestRunner.privateRun(TestRunner.java:782)<br />
              org.testng.TestRunner.run(TestRunner.java:632)<br />
              org.testng.SuiteRunner.runTest(SuiteRunner.java:366)<br />
              org.testng.SuiteRunner.runSequentially(SuiteRunner.java:361)<br />
              org.testng.SuiteRunner.privateRun(SuiteRunner.java:319)<br />
              org.testng.SuiteRunner.run(SuiteRunner.java:268)<br />
              org.testng.SuiteRunnerWorker.runSuite(SuiteRunnerWorker.java:52)<br />
              org.testng.SuiteRunnerWorker.run(SuiteRunnerWorker.java:86)<br />
              org.testng.TestNG.runSuitesSequentially(TestNG.java:1244)<br />
              org.testng.TestNG.runSuitesLocally(TestNG.java:1169)<br />
              org.testng.TestNG.run(TestNG.java:1064)<br />
              runner.Runner.run(Runner.java:49)<br />
              runner.Runner.main(Runner.java:22)<br />
              sun.reflect.NativeMethodAccessorImpl.invoke0(Native Method)<br />
              sun.reflect.NativeMethodAccessorImpl.invoke(NativeMethodAccessorImpl.java:62)<br />
              sun.reflect.DelegatingMethodAccessorImpl.invoke(DelegatingMethodAccessorImpl.java:43)<br />
              java.lang.reflect.Method.invoke(Method.java:498)<br />
              org.codehaus.mojo.exec.ExecJavaMojo$1.run(ExecJavaMojo.java:282)<br />
              java.lang.Thread.run(Thread.java:748)<br />
                </div>
      </td>
</tr>
      </table>

  <table class="resultsTable" width="100%">
    <tr><th colspan="3" class="header skipped">Skipped Tests</th></tr>
          <tr>
        <td colspan="3" class="group">tests.mainPageTests.ImageBlockTest</td>
      </tr>
            
<tr>
  <td class="method">
                       ()
      </td>
  <td class="duration">
    0.000s
  </td>
  <td class="result">
                               
          <i>Method arguments: </i><span class="arguments">"Sky.jpg"</span><br />
    
        

      </td>
</tr>
<tr>
  <td class="method">
                       ()
      </td>
  <td class="duration">
    0.000s
  </td>
  <td class="result">
                               
    
        

      </td>
</tr>
<tr>
  <td class="method">
                       ()
      </td>
  <td class="duration">
    0.000s
  </td>
  <td class="result">
                               
          <i>Method arguments: </i><span class="arguments">"Xvid-1.3.5-20171208.exe"</span><br />
    
        

      </td>
</tr>
<tr>
  <td class="method">
                       ()
      </td>
  <td class="duration">
    0.000s
  </td>
  <td class="result">
                               
          <i>Method arguments: </i><span class="arguments">"archive.7z"</span><br />
    
        

      </td>
</tr>
<tr>
  <td class="method">
                      _deleteImage ()
      </td>
  <td class="duration">
    0.000s
  </td>
  <td class="result">
                             <i>Depends on method(s): </i>
        <span class="dependency">tests.mainPageTests.ImageBlockTest.addImage</span>
                
    
        

      </td>
</tr>
          <tr>
        <td colspan="3" class="group">tests.mainPageTests.PhoneTest</td>
      </tr>
            
<tr>
  <td class="method">
                       ()
      </td>
  <td class="duration">
    0.000s
  </td>
  <td class="result">
                               
    
        

      </td>
</tr>
<tr>
  <td class="method">
                       ()
      </td>
  <td class="duration">
    0.000s
  </td>
  <td class="result">
                               
          <i>Method arguments: </i><span class="arguments">"test"</span><br />
    
        

      </td>
</tr>
<tr>
  <td class="method">
                       ()
      </td>
  <td class="duration">
    0.000s
  </td>
  <td class="result">
                               
          <i>Method arguments: </i><span class="arguments">"234"</span><br />
    
        

      </td>
</tr>
<tr>
  <td class="method">
                       ()
      </td>
  <td class="duration">
    0.000s
  </td>
  <td class="result">
                               
          <i>Method arguments: </i><span class="arguments">"##$#%#"</span><br />
    
        

      </td>
</tr>
<tr>
  <td class="method">
                       ()
      </td>
  <td class="duration">
    0.000s
  </td>
  <td class="result">
                               
          <i>Method arguments: </i><span class="arguments">"8 903 145 37 65"</span><br />
    
        

      </td>
</tr>
<tr>
  <td class="method">
                       ()
      </td>
  <td class="duration">
    0.001s
  </td>
  <td class="result">
                               
          <i>Method arguments: </i><span class="arguments">"+79031453765"</span><br />
    
        

      </td>
</tr>
<tr>
  <td class="method">
                       ()
      </td>
  <td class="duration">
    0.000s
  </td>
  <td class="result">
                               
          <i>Method arguments: </i><span class="arguments">"+7(903)145-37-65"</span><br />
    
        

      </td>
</tr>
      </table>

  <table class="resultsTable">
    <tr><th colspan="3" class="header passed">Passed Tests</th></tr>
          <tr>
        <td colspan="3" class="group">tests.mainPageTests.BirthdayTest</td>
      </tr>
            
<tr>
  <td class="method">
                       ()
      </td>
  <td class="duration">
    30.887s
  </td>
  <td class="result">
        
          <i>Method arguments: </i><span class="arguments">"05-10-1990"</span><br />
    
            <div class="testOutput">
                        2018-05-31 13:30:59 INFO  BirthdayTest:24 - TC_CPT_1.7.1 changeBirthday

                                2018-05-31 13:30:59 INFO  MainPage:135 - changeBirthday 05-10-1990

                                2018-05-31 13:31:30 WARN  MainPage:147 - isBirthdayPresent 05-10-1990 true

                  </div>
    

      </td>
</tr>
<tr>
  <td class="method">
                       ()
      </td>
  <td class="duration">
    30.952s
  </td>
  <td class="result">
        
    
            <div class="testOutput">
                        2018-05-31 13:32:02 INFO  BirthdayTest:33 - TC_CPT_1.7.1 changeBirthday

                                2018-05-31 13:32:02 INFO  MainPage:135 - changeBirthday 

                                2018-05-31 13:32:33 WARN  MainPage:147 - isBirthdayPresent  true

                  </div>
    

      </td>
</tr>
<tr>
  <td class="method">
                       ()
      </td>
  <td class="duration">
    30.820s
  </td>
  <td class="result">
        
          <i>Method arguments: </i><span class="arguments">"02.12.98"</span><br />
    
            <div class="testOutput">
                        2018-05-31 13:30:27 INFO  BirthdayTest:24 - TC_CPT_1.7.1 changeBirthday

                                2018-05-31 13:30:27 INFO  MainPage:135 - changeBirthday 02.12.98

                                2018-05-31 13:30:58 WARN  MainPage:147 - isBirthdayPresent 02.12.98 true

                  </div>
    

      </td>
</tr>
<tr>
  <td class="method">
                       ()
      </td>
  <td class="duration">
    30.797s
  </td>
  <td class="result">
        
          <i>Method arguments: </i><span class="arguments">"12/03/1999"</span><br />
    
            <div class="testOutput">
                        2018-05-31 13:31:31 INFO  BirthdayTest:24 - TC_CPT_1.7.1 changeBirthday

                                2018-05-31 13:31:31 INFO  MainPage:135 - changeBirthday 12/03/1999

                                2018-05-31 13:32:01 WARN  MainPage:147 - isBirthdayPresent 12/03/1999 true

                  </div>
    

      </td>
</tr>
          <tr>
        <td colspan="3" class="group">tests.mainPageTests.MainPageTest</td>
      </tr>
            
<tr>
  <td class="method">
                       ()
      </td>
  <td class="duration">
    2.352s
  </td>
  <td class="result">
        
          <i>Method arguments: </i><span class="arguments">"lukashovama@sgu.ru", "password"</span><br />
    
            <div class="testOutput">
                        2018-05-31 13:34:41 INFO  MainPageTest:64 - TC_CPT_1.6.2./TC_CPT_1.6.3./TC_CPT_1.6.4. changeEmailWithInvalidText

                                2018-05-31 13:34:41 INFO  MainPage:194 - openChangeEmailPage

                                2018-05-31 13:34:42 WARN  ChangeEmailPage:69 - isChangeEmailPage true

                                2018-05-31 13:34:42 INFO  ChangeEmailPage:31 - setEmail lukashovama@sgu.ru

                                2018-05-31 13:34:42 INFO  ChangeEmailPage:38 - setCurrentPassword password

                                2018-05-31 13:34:42 INFO  ChangeEmailPage:43 - clickBtnSafe

                                2018-05-31 13:34:42 WARN  ChangeEmailPage:56 - isErrorPresent true

                                2018-05-31 13:34:42 INFO  ChangeEmailPage:49 - clickBtnBack

                  </div>
    

      </td>
</tr>
<tr>
  <td class="method">
                       ()
      </td>
  <td class="duration">
    2.787s
  </td>
  <td class="result">
        
          <i>Method arguments: </i><span class="arguments">"", "password"</span><br />
    
            <div class="testOutput">
                        2018-05-31 13:34:37 INFO  MainPageTest:64 - TC_CPT_1.6.2./TC_CPT_1.6.3./TC_CPT_1.6.4. changeEmailWithInvalidText

                                2018-05-31 13:34:37 INFO  MainPage:194 - openChangeEmailPage

                                2018-05-31 13:34:38 WARN  ChangeEmailPage:69 - isChangeEmailPage true

                                2018-05-31 13:34:38 INFO  ChangeEmailPage:31 - setEmail 

                                2018-05-31 13:34:38 INFO  ChangeEmailPage:38 - setCurrentPassword password

                                2018-05-31 13:34:38 INFO  ChangeEmailPage:43 - clickBtnSafe

                                2018-05-31 13:34:39 WARN  ChangeEmailPage:56 - isErrorPresent true

                                2018-05-31 13:34:39 INFO  ChangeEmailPage:49 - clickBtnBack

                  </div>
    

      </td>
</tr>
<tr>
  <td class="method">
                       ()
      </td>
  <td class="duration">
    2.139s
  </td>
  <td class="result">
        
          <i>Method arguments: </i><span class="arguments">"mari-lukashowa@yandex.ru", "password1"</span><br />
    
            <div class="testOutput">
                        2018-05-31 13:34:45 INFO  MainPageTest:64 - TC_CPT_1.6.2./TC_CPT_1.6.3./TC_CPT_1.6.4. changeEmailWithInvalidText

                                2018-05-31 13:34:45 INFO  MainPage:194 - openChangeEmailPage

                                2018-05-31 13:34:45 WARN  ChangeEmailPage:69 - isChangeEmailPage true

                                2018-05-31 13:34:45 INFO  ChangeEmailPage:31 - setEmail mari-lukashowa@yandex.ru

                                2018-05-31 13:34:45 INFO  ChangeEmailPage:38 - setCurrentPassword password1

                                2018-05-31 13:34:45 INFO  ChangeEmailPage:43 - clickBtnSafe

                                2018-05-31 13:34:46 WARN  ChangeEmailPage:56 - isErrorPresent true

                                2018-05-31 13:34:46 INFO  ChangeEmailPage:49 - clickBtnBack

                  </div>
    

      </td>
</tr>
<tr>
  <td class="method">
                       ()
      </td>
  <td class="duration">
    0.046s
  </td>
  <td class="result">
        
    
            <div class="testOutput">
                        2018-05-31 13:35:03 INFO  MainPageTest:33 - TC_CPT_1.2. isNewsBlock

                                2018-05-31 13:35:03 WARN  MainPage:75 - isNewsBlockPresent true

                  </div>
    

      </td>
</tr>
<tr>
  <td class="method">
                       ()
      </td>
  <td class="duration">
    30.824s
  </td>
  <td class="result">
        
          <i>Method arguments: </i><span class="arguments">"", "6"</span><br />
    
            <div class="testOutput">
                        2018-05-31 13:34:01 INFO  MainPageTest:42 - TC_CPT_1.5. changeCity

                                2018-05-31 13:34:02 INFO  MainPage:118 - changeCity 6

                                2018-05-31 13:34:32 WARN  MainPage:125 - isCityPresent  true

                  </div>
    

      </td>
</tr>
<tr>
  <td class="method">
                       ()
      </td>
  <td class="duration">
    0.069s
  </td>
  <td class="result">
        
    
            <div class="testOutput">
                        2018-05-31 13:35:02 INFO  MainPageTest:25 - TC_2.2 isInfoBlock

                                2018-05-31 13:35:02 WARN  MainPage:65 - isInfoBlockPresent true

                  </div>
    

      </td>
</tr>
<tr>
  <td class="method">
                       ()
      </td>
  <td class="duration">
    0.704s
  </td>
  <td class="result">
        
          <i>Method arguments: </i><span class="arguments">"", "2"</span><br />
    
            <div class="testOutput">
                        2018-05-31 13:34:33 INFO  MainPageTest:42 - TC_CPT_1.5. changeCity

                                2018-05-31 13:34:34 INFO  MainPage:118 - changeCity 2

                                2018-05-31 13:34:34 WARN  MainPage:125 - isCityPresent  true

                  </div>
    

      </td>
</tr>
<tr>
  <td class="method">
                       ()
      </td>
  <td class="duration">
    0.765s
  </td>
  <td class="result">
        
          <i>Method arguments: </i><span class="arguments">"", "4"</span><br />
    
            <div class="testOutput">
                        2018-05-31 13:34:35 INFO  MainPageTest:42 - TC_CPT_1.5. changeCity

                                2018-05-31 13:34:36 INFO  MainPage:118 - changeCity 4

                                2018-05-31 13:34:36 WARN  MainPage:125 - isCityPresent  true

                  </div>
    

      </td>
</tr>
          <tr>
        <td colspan="3" class="group">tests.mainPageTests.NewsTest</td>
      </tr>
            
<tr>
  <td class="method">
                       ()
      </td>
  <td class="duration">
    3.313s
  </td>
  <td class="result">
        
    
            <div class="testOutput">
                        2018-05-31 13:35:07 INFO  NewsTest:24 - TC_CPT_1.3.2 commentNews

                                2018-05-31 13:35:07 INFO  MainPage:187 - openNews

                                2018-05-31 13:35:10 WARN  NewsPage:53 - isNewsPage true

                                2018-05-31 13:35:10 INFO  NewsPage:23 - countItemMessage

                                2018-05-31 13:35:10 INFO  NewsPage:29 - sentMessange: HELLO it is auto TEST

                                2018-05-31 13:35:11 WARN  NewsPage:42 - isMessangePresent HELLO it is auto TEST true

                                2018-05-31 13:35:11 INFO  NewsPage:23 - countItemMessage

                  </div>
    

      </td>
</tr>
          <tr>
        <td colspan="3" class="group">tests.mainPageTests.NoteTest</td>
      </tr>
            
<tr>
  <td class="method">
                       ()
      </td>
  <td class="duration">
    1.142s
  </td>
  <td class="result">
        
    
            <div class="testOutput">
                        2018-05-31 13:33:16 INFO  NewsTest:25 - TC_CPT_1.4.2 addNote

                                2018-05-31 13:33:16 INFO  CommonPage:131 - countNote

                                2018-05-31 13:33:17 INFO  CommonPage:116 - addNote HELLO it is auto TEST

                                2018-05-31 13:33:18 WARN  CommonPage:149 - isNotePresent true

                                2018-05-31 13:33:18 INFO  CommonPage:131 - countNote

                  </div>
    

      </td>
</tr>
      </table>
  
</body>
</html>
