<?xml version="1.0" encoding="UTF-8"?>
<testng-results skipped="15" failed="15" total="90" passed="60">
  <reporter-output>
    <line>
      <![CDATA[2018-05-31 13:21:01 INFO  BaseTest:29 - startBrowser
]]>
    </line>
    <line>
      <![CDATA[2018-05-31 13:21:01 INFO  Screenshot:22 - delete files from: C:\Users\Mariia_Lukashova\Desktop\Diplom\ipsilonUni_test1\test-output\html\screenshots
]]>
    </line>
    <line>
      <![CDATA[2018-05-31 13:21:05 INFO  BaseTest:36 - startWebSite
]]>
    </line>
    <line>
      <![CDATA[2018-05-31 13:21:09 INFO  WebDriverLogger:14 - WebDriver navigated to 'http://ipsilon-dev.sgu.ru/'
]]>
    </line>
    <line>
      <![CDATA[2018-05-31 13:21:09 INFO  Page:35 - openWebSite
]]>
    </line>
    <line>
      <![CDATA[2018-05-31 13:21:09 WARN  LoginPage:61 - isLoginPage true
]]>
    </line>
    <line>
      <![CDATA[2018-05-31 13:21:09 INFO  LoginTest:38 - TC_CPT_2.1.3 loginFalse_and_PasswordFalse
]]>
    </line>
    <line>
      <![CDATA[2018-05-31 13:21:40 WARN  MainPage:218 - isMainPage false
]]>
    </line>
    <line>
      <![CDATA[2018-05-31 13:21:40 WARN  LoginPage:42 - Username or password is incorrect: x_Login-masha@yandex.ru, password- 1.11217
]]>
    </line>
    <line>
      <![CDATA[2018-05-31 13:21:40 INFO  LoginTest:32 - TC_CPT_2.1.2 loginFalse_and_PasswordTrue
]]>
    </line>
    <line>
      <![CDATA[2018-05-31 13:22:11 WARN  MainPage:218 - isMainPage false
]]>
    </line>
    <line>
      <![CDATA[2018-05-31 13:22:11 WARN  LoginPage:42 - Username or password is incorrect: x_Login-masha@yandex.ru, password- password
]]>
    </line>
    <line>
      <![CDATA[2018-05-31 13:22:11 INFO  LoginTest:26 - TC_CPT_2.1.1 loginTrue_and_PasswordFalse
]]>
    </line>
    <line>
      <![CDATA[2018-05-31 13:22:42 WARN  MainPage:218 - isMainPage false
]]>
    </line>
    <line>
      <![CDATA[2018-05-31 13:22:42 WARN  LoginPage:42 - Username or password is incorrect: x_Login-lukashovama@sgu.ru, password- 111111
]]>
    </line>
    <line>
      <![CDATA[2018-05-31 13:22:42 INFO  BaseTest:36 - startWebSite
]]>
    </line>
    <line>
      <![CDATA[2018-05-31 13:22:42 INFO  WebDriverLogger:14 - WebDriver navigated to 'http://ipsilon-dev.sgu.ru/'
]]>
    </line>
    <line>
      <![CDATA[2018-05-31 13:22:42 INFO  Page:35 - openWebSite
]]>
    </line>
    <line>
      <![CDATA[2018-05-31 13:22:42 WARN  LoginPage:61 - isLoginPage true
]]>
    </line>
    <line>
      <![CDATA[2018-05-31 13:22:42 INFO  PasswordRecoveryTest:24 - BeforeMethod openRecoveryPassword
]]>
    </line>
    <line>
      <![CDATA[2018-05-31 13:22:42 INFO  LoginPage:52 - openRecoveryPassword
]]>
    </line>
    <line>
      <![CDATA[2018-05-31 13:22:43 WARN  PasswordRecoveryPage:58 - isPasswordRecoveryPage true
]]>
    </line>
    <line>
      <![CDATA[2018-05-31 13:22:43 INFO  PasswordRecoveryTest:31 - TC_3.2. recoveryPassword
]]>
    </line>
    <line>
      <![CDATA[2018-05-31 13:22:43 INFO  PasswordRecoveryPage:28 - setEmail mari-lukashowa@yandex.ru
]]>
    </line>
    <line>
      <![CDATA[2018-05-31 13:22:43 INFO  PasswordRecoveryPage:35 - clickBtnSubmit
]]>
    </line>
    <line>
      <![CDATA[2018-05-31 13:22:43 WARN  LoginPage:61 - isLoginPage true
]]>
    </line>
    <line>
      <![CDATA[2018-05-31 13:22:43 INFO  PasswordRecoveryTest:51 - AfterMethod openLoginPage
]]>
    </line>
    <line>
      <![CDATA[2018-05-31 13:22:43 INFO  PasswordRecoveryPage:40 - clickBtnBack
]]>
    </line>
    <line>
      <![CDATA[2018-05-31 13:22:54 INFO  Screenshot:43 - <a href='screenshots/screenshot5967868936931133190.png'>AutoScreen</a>
]]>
    </line>
    <line>
      <![CDATA[2018-05-31 13:22:55 INFO  Screenshot:43 - <a href='screenshots/screenshot8365952929815741962.png'>AutoScreen</a>
]]>
    </line>
    <line>
      <![CDATA[2018-05-31 13:22:55 INFO  Screenshot:43 - <a href='screenshots/screenshot4428089935954367344.png'>AutoScreen</a>
]]>
    </line>
    <line>
      <![CDATA[2018-05-31 13:22:55 INFO  BaseTest:36 - startWebSite
]]>
    </line>
    <line>
      <![CDATA[2018-05-31 13:22:56 INFO  WebDriverLogger:14 - WebDriver navigated to 'http://ipsilon-dev.sgu.ru/'
]]>
    </line>
    <line>
      <![CDATA[2018-05-31 13:22:56 INFO  Page:35 - openWebSite
]]>
    </line>
    <line>
      <![CDATA[2018-05-31 13:22:56 WARN  LoginPage:61 - isLoginPage true
]]>
    </line>
    <line>
      <![CDATA[2018-05-31 13:22:56 INFO  BaseTest:42 - x_Login
]]>
    </line>
    <line>
      <![CDATA[2018-05-31 13:22:59 WARN  MainPage:215 - isMainPage true
]]>
    </line>
    <line>
      <![CDATA[2018-05-31 13:22:59 WARN  LoginPage:39 - x_Login: x_Login-mari-lukashowa@yandex.ru , password- password
]]>
    </line>
    <line>
      <![CDATA[2018-05-31 13:22:59 WARN  CommonPage:136 - isLogin Лукашова М. А. true
]]>
    </line>
    <line>
      <![CDATA[2018-05-31 13:22:59 INFO  SupportTest:17 - TC_6.1 askQuestion
]]>
    </line>
    <line>
      <![CDATA[2018-05-31 13:22:59 INFO  CommonPage:90 - openSupportPage
]]>
    </line>
    <line>
      <![CDATA[2018-05-31 13:23:02 WARN  SupportPage:88 - isSupportPage true
]]>
    </line>
    <line>
      <![CDATA[2018-05-31 13:23:03 INFO  SupportPage:41 - sentQuestionWithoutFile HELLO it is auto TEST
]]>
    </line>
    <line>
      <![CDATA[2018-05-31 13:23:03 WARN  SupportPage:88 - isSupportPage true
]]>
    </line>
    <line>
      <![CDATA[2018-05-31 13:23:03 WARN  SupportPage:60 - isQuestionPresent HELLO it is auto TEST true true
]]>
    </line>
    <line>
      <![CDATA[2018-05-31 13:23:03 WARN  SupportPage:88 - isSupportPage true
]]>
    </line>
    <line>
      <![CDATA[2018-05-31 13:23:03 INFO  SupportTest:27 - TC_6.3 askQuestionWithFile
]]>
    </line>
    <line>
      <![CDATA[2018-05-31 13:23:03 INFO  CommonPage:90 - openSupportPage
]]>
    </line>
    <line>
      <![CDATA[2018-05-31 13:23:09 WARN  SupportPage:88 - isSupportPage true
]]>
    </line>
    <line>
      <![CDATA[2018-05-31 13:23:09 INFO  SupportPage:51 - sentQuestionWithFile TEST - \src\test\resources\artifacts\glaza-kot-usy-koska-klyki-usi-azyk.jpg
]]>
    </line>
    <line>
      <![CDATA[2018-05-31 13:23:10 WARN  SupportPage:75 - isQuestionPresent TEST - glaza-kot-usy-koska-klyki-usi-azyk.jpg true
]]>
    </line>
    <line>
      <![CDATA[2018-05-31 13:23:10 INFO  SupportTest:40 - TC_CPT_6.1/6.2/6.4 askQuestionWithInvalidText
]]>
    </line>
    <line>
      <![CDATA[2018-05-31 13:23:10 INFO  CommonPage:90 - openSupportPage
]]>
    </line>
    <line>
      <![CDATA[2018-05-31 13:23:15 WARN  SupportPage:88 - isSupportPage true
]]>
    </line>
    <line>
      <![CDATA[2018-05-31 13:23:16 INFO  SupportPage:51 - sentQuestionWithFile  - \src\test\resources\artifacts\glaza-kot-usy-koska-klyki-usi-azyk.jpg
]]>
    </line>
    <line>
      <![CDATA[2018-05-31 13:23:46 WARN  SupportPage:78 - isQuestionPresent  - glaza-kot-usy-koska-klyki-usi-azyk.jpg false
]]>
    </line>
    <line>
      <![CDATA[2018-05-31 13:23:46 INFO  SupportTest:40 - TC_CPT_6.1/6.2/6.4 askQuestionWithInvalidText
]]>
    </line>
    <line>
      <![CDATA[2018-05-31 13:23:46 INFO  CommonPage:90 - openSupportPage
]]>
    </line>
    <line>
      <![CDATA[2018-05-31 13:23:50 WARN  SupportPage:88 - isSupportPage true
]]>
    </line>
    <line>
      <![CDATA[2018-05-31 13:23:51 INFO  SupportPage:51 - sentQuestionWithFile #$#$%#^@$ - \src\test\resources\artifacts\glaza-kot-usy-koska-klyki-usi-azyk.jpg
]]>
    </line>
    <line>
      <![CDATA[2018-05-31 13:23:52 WARN  SupportPage:75 - isQuestionPresent #$#$%#^@$ - glaza-kot-usy-koska-klyki-usi-azyk.jpg true
]]>
    </line>
    <line>
      <![CDATA[2018-05-31 13:23:52 INFO  Screenshot:43 - <a href='screenshots/screenshot2315935547728037853.png'>AutoScreen</a>
]]>
    </line>
    <line>
      <![CDATA[2018-05-31 13:23:52 INFO  SupportTest:40 - TC_CPT_6.1/6.2/6.4 askQuestionWithInvalidText
]]>
    </line>
    <line>
      <![CDATA[2018-05-31 13:23:52 INFO  CommonPage:90 - openSupportPage
]]>
    </line>
    <line>
      <![CDATA[2018-05-31 13:23:57 WARN  SupportPage:88 - isSupportPage true
]]>
    </line>
    <line>
      <![CDATA[2018-05-31 13:23:59 INFO  SupportPage:51 - sentQuestionWithFile /*SELECT * FROM a*/ - \src\test\resources\artifacts\glaza-kot-usy-koska-klyki-usi-azyk.jpg
]]>
    </line>
    <line>
      <![CDATA[2018-05-31 13:23:59 WARN  SupportPage:75 - isQuestionPresent /*SELECT * FROM a*/ - glaza-kot-usy-koska-klyki-usi-azyk.jpg true
]]>
    </line>
    <line>
      <![CDATA[2018-05-31 13:23:59 INFO  Screenshot:43 - <a href='screenshots/screenshot1281739903961510189.png'>AutoScreen</a>
]]>
    </line>
    <line>
      <![CDATA[2018-05-31 13:23:59 INFO  SupportTest:40 - TC_CPT_6.1/6.2/6.4 askQuestionWithInvalidText
]]>
    </line>
    <line>
      <![CDATA[2018-05-31 13:23:59 INFO  CommonPage:90 - openSupportPage
]]>
    </line>
    <line>
      <![CDATA[2018-05-31 13:24:04 WARN  SupportPage:88 - isSupportPage true
]]>
    </line>
    <line>
      <![CDATA[2018-05-31 13:24:05 INFO  SupportPage:51 - sentQuestionWithFile TEST - \src\test\resources\artifacts\Xvid-1.3.5-20171208.exe
]]>
    </line>
    <line>
      <![CDATA[2018-05-31 13:24:35 WARN  SupportPage:78 - isQuestionPresent TEST - Xvid-1.3.5-20171208.exe false
]]>
    </line>
    <line>
      <![CDATA[2018-05-31 13:24:35 INFO  SupportTest:40 - TC_CPT_6.1/6.2/6.4 askQuestionWithInvalidText
]]>
    </line>
    <line>
      <![CDATA[2018-05-31 13:24:35 INFO  CommonPage:90 - openSupportPage
]]>
    </line>
    <line>
      <![CDATA[2018-05-31 13:24:40 WARN  SupportPage:88 - isSupportPage true
]]>
    </line>
    <line>
      <![CDATA[2018-05-31 13:24:41 INFO  SupportPage:51 - sentQuestionWithFile TEST - \src\test\resources\artifacts\
]]>
    </line>
    <line>
      <![CDATA[2018-05-31 13:25:11 WARN  SupportPage:78 - isQuestionPresent TEST -  false
]]>
    </line>
    <line>
      <![CDATA[2018-05-31 13:25:11 INFO  BaseTest:48 - closeAuthorizationOut
]]>
    </line>
    <line>
      <![CDATA[2018-05-31 13:25:14 WARN  LoginPage:61 - isLoginPage true
]]>
    </line>
    <line>
      <![CDATA[2018-05-31 13:25:14 INFO  CommonPage:103 - logout
]]>
    </line>
    <line>
      <![CDATA[2018-05-31 13:25:14 WARN  LoginPage:61 - isLoginPage true
]]>
    </line>
    <line>
      <![CDATA[2018-05-31 13:25:14 INFO  BaseTest:36 - startWebSite
]]>
    </line>
    <line>
      <![CDATA[2018-05-31 13:25:15 INFO  WebDriverLogger:14 - WebDriver navigated to 'http://ipsilon-dev.sgu.ru/'
]]>
    </line>
    <line>
      <![CDATA[2018-05-31 13:25:15 INFO  Page:35 - openWebSite
]]>
    </line>
    <line>
      <![CDATA[2018-05-31 13:25:15 WARN  LoginPage:61 - isLoginPage true
]]>
    </line>
    <line>
      <![CDATA[2018-05-31 13:25:15 INFO  BaseTest:42 - x_Login
]]>
    </line>
    <line>
      <![CDATA[2018-05-31 13:25:17 WARN  MainPage:215 - isMainPage true
]]>
    </line>
    <line>
      <![CDATA[2018-05-31 13:25:17 WARN  LoginPage:39 - x_Login: x_Login-mari-lukashowa@yandex.ru , password- password
]]>
    </line>
    <line>
      <![CDATA[2018-05-31 13:25:17 WARN  CommonPage:136 - isLogin Лукашова М. А. true
]]>
    </line>
    <line>
      <![CDATA[2018-05-31 13:25:17 INFO  MessageTest:18 - TC_CPT_3.1 addDialogueWithStudent
]]>
    </line>
    <line>
      <![CDATA[2018-05-31 13:25:17 INFO  CommonPage:82 - openMessagesPage
]]>
    </line>
    <line>
      <![CDATA[2018-05-31 13:25:18 WARN  MessagesPage:82 - isMessagesPage true
]]>
    </line>
    <line>
      <![CDATA[2018-05-31 13:25:18 INFO  MessagesPage:29 - addDialogue
]]>
    </line>
    <line>
      <![CDATA[2018-05-31 13:25:20 WARN  GroupmatesPage:44 - isGroupmatesPage true
]]>
    </line>
    <line>
      <![CDATA[2018-05-31 13:25:20 INFO  GroupmatesPage:31 - writeLetter
]]>
    </line>
    <line>
      <![CDATA[2018-05-31 13:25:22 INFO  GroupmatesPage:34 - Тестовый Студент Тестович
]]>
    </line>
    <line>
      <![CDATA[2018-05-31 13:25:22 WARN  MessagesPage:82 - isMessagesPage true
]]>
    </line>
    <line>
      <![CDATA[2018-05-31 13:25:22 WARN  MessagesPage:69 - isOpenDialogueWith Тестовый Студент Тестович true
]]>
    </line>
    <line>
      <![CDATA[2018-05-31 13:25:22 INFO  MessageTest:27 - TC_CPT_3.3 sentMessage
]]>
    </line>
    <line>
      <![CDATA[2018-05-31 13:25:22 INFO  CommonPage:82 - openMessagesPage
]]>
    </line>
    <line>
      <![CDATA[2018-05-31 13:25:24 WARN  MessagesPage:82 - isMessagesPage true
]]>
    </line>
    <line>
      <![CDATA[2018-05-31 13:25:24 INFO  MessagesPage:36 - openDialogue
]]>
    </line>
    <line>
      <![CDATA[2018-05-31 13:25:26 INFO  MessagesPage:46 - sentMessage HELLO it is auto TEST
]]>
    </line>
    <line>
      <![CDATA[2018-05-31 13:25:26 WARN  MessagesPage:56 - isMessangePresent HELLO it is auto TEST true
]]>
    </line>
    <line>
      <![CDATA[2018-05-31 13:25:26 INFO  MessageTest:38 - TC_CPT_3.2/TC_CPT_3.2 sentMessageWithInvalidText
]]>
    </line>
    <line>
      <![CDATA[2018-05-31 13:25:26 INFO  CommonPage:82 - openMessagesPage
]]>
    </line>
    <line>
      <![CDATA[2018-05-31 13:25:28 WARN  MessagesPage:82 - isMessagesPage true
]]>
    </line>
    <line>
      <![CDATA[2018-05-31 13:25:28 INFO  MessagesPage:36 - openDialogue
]]>
    </line>
    <line>
      <![CDATA[2018-05-31 13:25:30 INFO  MessagesPage:46 - sentMessage 
]]>
    </line>
    <line>
      <![CDATA[2018-05-31 13:26:00 WARN  MessagesPage:59 - isMessangePresent  false
]]>
    </line>
    <line>
      <![CDATA[2018-05-31 13:26:00 INFO  MessageTest:38 - TC_CPT_3.2/TC_CPT_3.2 sentMessageWithInvalidText
]]>
    </line>
    <line>
      <![CDATA[2018-05-31 13:26:00 INFO  CommonPage:82 - openMessagesPage
]]>
    </line>
    <line>
      <![CDATA[2018-05-31 13:26:01 WARN  MessagesPage:82 - isMessagesPage true
]]>
    </line>
    <line>
      <![CDATA[2018-05-31 13:26:01 INFO  MessagesPage:36 - openDialogue
]]>
    </line>
    <line>
      <![CDATA[2018-05-31 13:26:03 INFO  MessagesPage:46 - sentMessage %#$%@%@#@#^^$
]]>
    </line>
    <line>
      <![CDATA[2018-05-31 13:26:03 WARN  MessagesPage:56 - isMessangePresent %#$%@%@#@#^^$ true
]]>
    </line>
    <line>
      <![CDATA[2018-05-31 13:26:03 INFO  Screenshot:43 - <a href='screenshots/screenshot4201696064839594346.png'>AutoScreen</a>
]]>
    </line>
    <line>
      <![CDATA[2018-05-31 13:26:03 INFO  BaseTest:48 - closeAuthorizationOut
]]>
    </line>
    <line>
      <![CDATA[2018-05-31 13:26:04 WARN  LoginPage:61 - isLoginPage true
]]>
    </line>
    <line>
      <![CDATA[2018-05-31 13:26:04 INFO  CommonPage:103 - logout
]]>
    </line>
    <line>
      <![CDATA[2018-05-31 13:26:04 WARN  LoginPage:61 - isLoginPage true
]]>
    </line>
    <line>
      <![CDATA[2018-05-31 13:26:04 INFO  BaseTest:36 - startWebSite
]]>
    </line>
    <line>
      <![CDATA[2018-05-31 13:26:05 INFO  WebDriverLogger:14 - WebDriver navigated to 'http://ipsilon-dev.sgu.ru/'
]]>
    </line>
    <line>
      <![CDATA[2018-05-31 13:26:05 INFO  Page:35 - openWebSite
]]>
    </line>
    <line>
      <![CDATA[2018-05-31 13:26:05 WARN  LoginPage:61 - isLoginPage true
]]>
    </line>
    <line>
      <![CDATA[2018-05-31 13:26:05 INFO  BaseTest:42 - x_Login
]]>
    </line>
    <line>
      <![CDATA[2018-05-31 13:26:06 WARN  MainPage:215 - isMainPage true
]]>
    </line>
    <line>
      <![CDATA[2018-05-31 13:26:06 WARN  LoginPage:39 - x_Login: x_Login-mari-lukashowa@yandex.ru , password- password
]]>
    </line>
    <line>
      <![CDATA[2018-05-31 13:26:06 WARN  CommonPage:136 - isLogin Лукашова М. А. true
]]>
    </line>
    <line>
      <![CDATA[2018-05-31 13:26:06 INFO  PortfolioTest:18 - BeforeMethod openPortfolio
]]>
    </line>
    <line>
      <![CDATA[2018-05-31 13:26:06 INFO  CommonPage:50 - openMainPage
]]>
    </line>
    <line>
      <![CDATA[2018-05-31 13:26:08 WARN  MainPage:215 - isMainPage true
]]>
    </line>
    <line>
      <![CDATA[2018-05-31 13:26:08 INFO  MainPage:180 - openPortfolio
]]>
    </line>
    <line>
      <![CDATA[2018-05-31 13:26:09 WARN  PortfolioPage:226 - isPortfolioPage true
]]>
    </line>
    <line>
      <![CDATA[2018-05-31 13:26:09 INFO  PortfolioTest:75 - TC_CPT_7.4 downloadPortfolio
]]>
    </line>
    <line>
      <![CDATA[2018-05-31 13:26:09 INFO  PortfolioPage:53 - openAllPortfolio
]]>
    </line>
    <line>
      <![CDATA[2018-05-31 13:26:17 WARN  PortfolioPage:219 - downloadPortfolio true
]]>
    </line>
    <line>
      <![CDATA[2018-05-31 13:26:17 INFO  PortfolioTest:18 - BeforeMethod openPortfolio
]]>
    </line>
    <line>
      <![CDATA[2018-05-31 13:26:17 INFO  CommonPage:50 - openMainPage
]]>
    </line>
    <line>
      <![CDATA[2018-05-31 13:26:18 WARN  MainPage:215 - isMainPage true
]]>
    </line>
    <line>
      <![CDATA[2018-05-31 13:26:18 INFO  MainPage:180 - openPortfolio
]]>
    </line>
    <line>
      <![CDATA[2018-05-31 13:26:19 WARN  PortfolioPage:226 - isPortfolioPage true
]]>
    </line>
    <line>
      <![CDATA[2018-05-31 13:26:19 INFO  PortfolioTest:25 - TC_7.1 openAllPortfolioInViewingMode
]]>
    </line>
    <line>
      <![CDATA[2018-05-31 13:26:19 INFO  PortfolioPage:53 - openAllPortfolio
]]>
    </line>
    <line>
      <![CDATA[2018-05-31 13:26:21 WARN  PortfolioPage:102 - openSubject true
]]>
    </line>
    <line>
      <![CDATA[2018-05-31 13:26:21 INFO  PortfolioTest:18 - BeforeMethod openPortfolio
]]>
    </line>
    <line>
      <![CDATA[2018-05-31 13:26:21 INFO  CommonPage:50 - openMainPage
]]>
    </line>
    <line>
      <![CDATA[2018-05-31 13:26:22 WARN  MainPage:215 - isMainPage true
]]>
    </line>
    <line>
      <![CDATA[2018-05-31 13:26:22 INFO  MainPage:180 - openPortfolio
]]>
    </line>
    <line>
      <![CDATA[2018-05-31 13:26:23 WARN  PortfolioPage:226 - isPortfolioPage true
]]>
    </line>
    <line>
      <![CDATA[2018-05-31 13:26:23 INFO  PortfolioTest:34 - TC_7.2 openCommonPortfolioInViewingMode
]]>
    </line>
    <line>
      <![CDATA[2018-05-31 13:26:23 INFO  PortfolioPage:61 - openCommonPortfolio
]]>
    </line>
    <line>
      <![CDATA[2018-05-31 13:26:25 WARN  PortfolioPage:102 - openSubject true
]]>
    </line>
    <line>
      <![CDATA[2018-05-31 13:26:25 INFO  PortfolioTest:18 - BeforeMethod openPortfolio
]]>
    </line>
    <line>
      <![CDATA[2018-05-31 13:26:25 INFO  CommonPage:50 - openMainPage
]]>
    </line>
    <line>
      <![CDATA[2018-05-31 13:26:26 WARN  MainPage:215 - isMainPage true
]]>
    </line>
    <line>
      <![CDATA[2018-05-31 13:26:26 INFO  MainPage:180 - openPortfolio
]]>
    </line>
    <line>
      <![CDATA[2018-05-31 13:26:28 WARN  PortfolioPage:226 - isPortfolioPage true
]]>
    </line>
    <line>
      <![CDATA[2018-05-31 13:26:28 INFO  PortfolioTest:43 - TC_7.3 openCourseWorksPortfolioInViewingMode
]]>
    </line>
    <line>
      <![CDATA[2018-05-31 13:26:28 INFO  PortfolioPage:69 - openCoursWorks
]]>
    </line>
    <line>
      <![CDATA[2018-05-31 13:26:29 WARN  PortfolioPage:102 - openSubject true
]]>
    </line>
    <line>
      <![CDATA[2018-05-31 13:26:29 INFO  PortfolioTest:18 - BeforeMethod openPortfolio
]]>
    </line>
    <line>
      <![CDATA[2018-05-31 13:26:29 INFO  CommonPage:50 - openMainPage
]]>
    </line>
    <line>
      <![CDATA[2018-05-31 13:26:30 WARN  MainPage:215 - isMainPage true
]]>
    </line>
    <line>
      <![CDATA[2018-05-31 13:26:30 INFO  MainPage:180 - openPortfolio
]]>
    </line>
    <line>
      <![CDATA[2018-05-31 13:26:32 WARN  PortfolioPage:226 - isPortfolioPage true
]]>
    </line>
    <line>
      <![CDATA[2018-05-31 13:26:32 INFO  PortfolioTest:59 - TC_7.5 openIndividualAchievementsPortfolioInViewingMode
]]>
    </line>
    <line>
      <![CDATA[2018-05-31 13:26:32 INFO  PortfolioPage:85 - openIndividualAchievements
]]>
    </line>
    <line>
      <![CDATA[2018-05-31 13:26:33 WARN  PortfolioPage:102 - openSubject true
]]>
    </line>
    <line>
      <![CDATA[2018-05-31 13:26:33 INFO  PortfolioTest:18 - BeforeMethod openPortfolio
]]>
    </line>
    <line>
      <![CDATA[2018-05-31 13:26:33 INFO  CommonPage:50 - openMainPage
]]>
    </line>
    <line>
      <![CDATA[2018-05-31 13:26:34 WARN  MainPage:215 - isMainPage true
]]>
    </line>
    <line>
      <![CDATA[2018-05-31 13:26:34 INFO  MainPage:180 - openPortfolio
]]>
    </line>
    <line>
      <![CDATA[2018-05-31 13:26:35 WARN  PortfolioPage:226 - isPortfolioPage true
]]>
    </line>
    <line>
      <![CDATA[2018-05-31 13:26:35 INFO  PortfolioTest:67 - TC_7.6 openOtherInfoPortfolioInViewingMode
]]>
    </line>
    <line>
      <![CDATA[2018-05-31 13:26:35 INFO  PortfolioPage:93 - openOther
]]>
    </line>
    <line>
      <![CDATA[2018-05-31 13:26:37 WARN  PortfolioPage:102 - openSubject true
]]>
    </line>
    <line>
      <![CDATA[2018-05-31 13:26:37 INFO  PortfolioTest:18 - BeforeMethod openPortfolio
]]>
    </line>
    <line>
      <![CDATA[2018-05-31 13:26:37 INFO  CommonPage:50 - openMainPage
]]>
    </line>
    <line>
      <![CDATA[2018-05-31 13:26:38 WARN  MainPage:215 - isMainPage true
]]>
    </line>
    <line>
      <![CDATA[2018-05-31 13:26:38 INFO  MainPage:180 - openPortfolio
]]>
    </line>
    <line>
      <![CDATA[2018-05-31 13:26:39 WARN  PortfolioPage:226 - isPortfolioPage true
]]>
    </line>
    <line>
      <![CDATA[2018-05-31 13:26:39 INFO  PortfolioTest:51 - TC_7.4 openPractiksPortfolioInViewingMode
]]>
    </line>
    <line>
      <![CDATA[2018-05-31 13:26:39 INFO  PortfolioPage:77 - openPractiks
]]>
    </line>
    <line>
      <![CDATA[2018-05-31 13:26:40 WARN  PortfolioPage:102 - openSubject true
]]>
    </line>
    <line>
      <![CDATA[2018-05-31 13:26:40 INFO  BaseTest:48 - closeAuthorizationOut
]]>
    </line>
    <line>
      <![CDATA[2018-05-31 13:26:41 WARN  LoginPage:61 - isLoginPage true
]]>
    </line>
    <line>
      <![CDATA[2018-05-31 13:26:41 INFO  CommonPage:103 - logout
]]>
    </line>
    <line>
      <![CDATA[2018-05-31 13:26:41 WARN  LoginPage:61 - isLoginPage true
]]>
    </line>
    <line>
      <![CDATA[2018-05-31 13:26:41 INFO  BaseTest:36 - startWebSite
]]>
    </line>
    <line>
      <![CDATA[2018-05-31 13:26:42 INFO  WebDriverLogger:14 - WebDriver navigated to 'http://ipsilon-dev.sgu.ru/'
]]>
    </line>
    <line>
      <![CDATA[2018-05-31 13:26:42 INFO  Page:35 - openWebSite
]]>
    </line>
    <line>
      <![CDATA[2018-05-31 13:26:42 WARN  LoginPage:61 - isLoginPage true
]]>
    </line>
    <line>
      <![CDATA[2018-05-31 13:26:42 INFO  BaseTest:42 - x_Login
]]>
    </line>
    <line>
      <![CDATA[2018-05-31 13:26:43 WARN  MainPage:215 - isMainPage true
]]>
    </line>
    <line>
      <![CDATA[2018-05-31 13:26:43 WARN  LoginPage:39 - x_Login: x_Login-mari-lukashowa@yandex.ru , password- password
]]>
    </line>
    <line>
      <![CDATA[2018-05-31 13:26:43 WARN  CommonPage:136 - isLogin Лукашова М. А. true
]]>
    </line>
    <line>
      <![CDATA[2018-05-31 13:26:43 INFO  EditText_BoldTest:19 - BeforeMethod openPortfolio
]]>
    </line>
    <line>
      <![CDATA[2018-05-31 13:26:43 INFO  CommonPage:50 - openMainPage
]]>
    </line>
    <line>
      <![CDATA[2018-05-31 13:26:45 WARN  MainPage:215 - isMainPage true
]]>
    </line>
    <line>
      <![CDATA[2018-05-31 13:26:45 INFO  MainPage:180 - openPortfolio
]]>
    </line>
    <line>
      <![CDATA[2018-05-31 13:26:47 WARN  PortfolioPage:226 - isPortfolioPage true
]]>
    </line>
    <line>
      <![CDATA[2018-05-31 13:26:47 INFO  EditText_BoldTest:34 - TC_CPT_7.1.1 makeBoldTextOnCommonPortfolio
]]>
    </line>
    <line>
      <![CDATA[2018-05-31 13:26:47 INFO  PortfolioPage:61 - openCommonPortfolio
]]>
    </line>
    <line>
      <![CDATA[2018-05-31 13:26:48 INFO  PortfolioPage:111 - openEditMode
]]>
    </line>
    <line>
      <![CDATA[2018-05-31 13:26:49 INFO  PortfolioPage:162 - enterText Текст
]]>
    </line>
    <line>
      <![CDATA[2018-05-31 13:26:50 WARN  PortfolioPage:172 - setTextBolt true
]]>
    </line>
    <line>
      <![CDATA[2018-05-31 13:26:50 INFO  EditText_BoldTest:25 - TC_CPT_7.1.4 AfterMethod safeEditingPortfolio
]]>
    </line>
    <line>
      <![CDATA[2018-05-31 13:26:50 INFO  PortfolioPage:126 - safeEditing
]]>
    </line>
    <line>
      <![CDATA[2018-05-31 13:26:51 WARN  PortfolioPage:135 - isTextPresent Текст true
]]>
    </line>
    <line>
      <![CDATA[2018-05-31 13:26:51 INFO  EditText_BoldTest:19 - BeforeMethod openPortfolio
]]>
    </line>
    <line>
      <![CDATA[2018-05-31 13:26:51 INFO  CommonPage:50 - openMainPage
]]>
    </line>
    <line>
      <![CDATA[2018-05-31 13:26:52 WARN  MainPage:215 - isMainPage true
]]>
    </line>
    <line>
      <![CDATA[2018-05-31 13:26:52 INFO  MainPage:180 - openPortfolio
]]>
    </line>
    <line>
      <![CDATA[2018-05-31 13:26:53 WARN  PortfolioPage:226 - isPortfolioPage true
]]>
    </line>
    <line>
      <![CDATA[2018-05-31 13:26:53 INFO  EditText_BoldTest:44 - TC_CPT_7.1.1 makeBoldTextOnCourseWorksPortfolio
]]>
    </line>
    <line>
      <![CDATA[2018-05-31 13:26:53 INFO  PortfolioPage:69 - openCoursWorks
]]>
    </line>
    <line>
      <![CDATA[2018-05-31 13:26:55 INFO  PortfolioPage:111 - openEditMode
]]>
    </line>
    <line>
      <![CDATA[2018-05-31 13:26:56 INFO  PortfolioPage:162 - enterText Текст
]]>
    </line>
    <line>
      <![CDATA[2018-05-31 13:26:57 WARN  PortfolioPage:172 - setTextBolt true
]]>
    </line>
    <line>
      <![CDATA[2018-05-31 13:26:57 INFO  EditText_BoldTest:25 - TC_CPT_7.1.4 AfterMethod safeEditingPortfolio
]]>
    </line>
    <line>
      <![CDATA[2018-05-31 13:26:57 INFO  PortfolioPage:126 - safeEditing
]]>
    </line>
    <line>
      <![CDATA[2018-05-31 13:26:57 WARN  PortfolioPage:135 - isTextPresent Текст true
]]>
    </line>
    <line>
      <![CDATA[2018-05-31 13:26:57 INFO  EditText_BoldTest:19 - BeforeMethod openPortfolio
]]>
    </line>
    <line>
      <![CDATA[2018-05-31 13:26:57 INFO  CommonPage:50 - openMainPage
]]>
    </line>
    <line>
      <![CDATA[2018-05-31 13:26:59 WARN  MainPage:215 - isMainPage true
]]>
    </line>
    <line>
      <![CDATA[2018-05-31 13:26:59 INFO  MainPage:180 - openPortfolio
]]>
    </line>
    <line>
      <![CDATA[2018-05-31 13:27:00 WARN  PortfolioPage:226 - isPortfolioPage true
]]>
    </line>
    <line>
      <![CDATA[2018-05-31 13:27:00 INFO  EditText_BoldTest:64 - TC_CPT_7.1.1 makeBoldTextOnIndividualAchievementsPortfolio
]]>
    </line>
    <line>
      <![CDATA[2018-05-31 13:27:00 INFO  PortfolioPage:85 - openIndividualAchievements
]]>
    </line>
    <line>
      <![CDATA[2018-05-31 13:27:01 INFO  PortfolioPage:111 - openEditMode
]]>
    </line>
    <line>
      <![CDATA[2018-05-31 13:27:03 INFO  PortfolioPage:162 - enterText Текст
]]>
    </line>
    <line>
      <![CDATA[2018-05-31 13:27:03 WARN  PortfolioPage:172 - setTextBolt true
]]>
    </line>
    <line>
      <![CDATA[2018-05-31 13:27:03 INFO  EditText_BoldTest:25 - TC_CPT_7.1.4 AfterMethod safeEditingPortfolio
]]>
    </line>
    <line>
      <![CDATA[2018-05-31 13:27:03 INFO  PortfolioPage:126 - safeEditing
]]>
    </line>
    <line>
      <![CDATA[2018-05-31 13:27:05 WARN  PortfolioPage:135 - isTextPresent Текст true
]]>
    </line>
    <line>
      <![CDATA[2018-05-31 13:27:05 INFO  EditText_BoldTest:19 - BeforeMethod openPortfolio
]]>
    </line>
    <line>
      <![CDATA[2018-05-31 13:27:05 INFO  CommonPage:50 - openMainPage
]]>
    </line>
    <line>
      <![CDATA[2018-05-31 13:27:06 WARN  MainPage:215 - isMainPage true
]]>
    </line>
    <line>
      <![CDATA[2018-05-31 13:27:06 INFO  MainPage:180 - openPortfolio
]]>
    </line>
    <line>
      <![CDATA[2018-05-31 13:27:08 WARN  PortfolioPage:226 - isPortfolioPage true
]]>
    </line>
    <line>
      <![CDATA[2018-05-31 13:27:08 INFO  EditText_BoldTest:74 - TC_CPT_7.1.1 makeBoldTextOnOtherInfoPortfolio
]]>
    </line>
    <line>
      <![CDATA[2018-05-31 13:27:08 INFO  PortfolioPage:93 - openOther
]]>
    </line>
    <line>
      <![CDATA[2018-05-31 13:27:09 INFO  PortfolioPage:111 - openEditMode
]]>
    </line>
    <line>
      <![CDATA[2018-05-31 13:27:11 INFO  PortfolioPage:162 - enterText Текст
]]>
    </line>
    <line>
      <![CDATA[2018-05-31 13:27:11 WARN  PortfolioPage:172 - setTextBolt true
]]>
    </line>
    <line>
      <![CDATA[2018-05-31 13:27:11 INFO  EditText_BoldTest:25 - TC_CPT_7.1.4 AfterMethod safeEditingPortfolio
]]>
    </line>
    <line>
      <![CDATA[2018-05-31 13:27:11 INFO  PortfolioPage:126 - safeEditing
]]>
    </line>
    <line>
      <![CDATA[2018-05-31 13:27:12 WARN  PortfolioPage:135 - isTextPresent Текст true
]]>
    </line>
    <line>
      <![CDATA[2018-05-31 13:27:12 INFO  EditText_BoldTest:19 - BeforeMethod openPortfolio
]]>
    </line>
    <line>
      <![CDATA[2018-05-31 13:27:12 INFO  CommonPage:50 - openMainPage
]]>
    </line>
    <line>
      <![CDATA[2018-05-31 13:27:14 WARN  MainPage:215 - isMainPage true
]]>
    </line>
    <line>
      <![CDATA[2018-05-31 13:27:14 INFO  MainPage:180 - openPortfolio
]]>
    </line>
    <line>
      <![CDATA[2018-05-31 13:27:15 WARN  PortfolioPage:226 - isPortfolioPage true
]]>
    </line>
    <line>
      <![CDATA[2018-05-31 13:27:15 INFO  EditText_BoldTest:54 - TC_CPT_7.1.1 makeBoldTextOnPractiksPortfolio
]]>
    </line>
    <line>
      <![CDATA[2018-05-31 13:27:15 INFO  PortfolioPage:77 - openPractiks
]]>
    </line>
    <line>
      <![CDATA[2018-05-31 13:27:16 INFO  PortfolioPage:111 - openEditMode
]]>
    </line>
    <line>
      <![CDATA[2018-05-31 13:27:18 INFO  PortfolioPage:162 - enterText Текст
]]>
    </line>
    <line>
      <![CDATA[2018-05-31 13:27:18 WARN  PortfolioPage:172 - setTextBolt true
]]>
    </line>
    <line>
      <![CDATA[2018-05-31 13:27:18 INFO  EditText_BoldTest:25 - TC_CPT_7.1.4 AfterMethod safeEditingPortfolio
]]>
    </line>
    <line>
      <![CDATA[2018-05-31 13:27:18 INFO  PortfolioPage:126 - safeEditing
]]>
    </line>
    <line>
      <![CDATA[2018-05-31 13:27:19 WARN  PortfolioPage:135 - isTextPresent Текст true
]]>
    </line>
    <line>
      <![CDATA[2018-05-31 13:27:19 INFO  BaseTest:48 - closeAuthorizationOut
]]>
    </line>
    <line>
      <![CDATA[2018-05-31 13:27:21 WARN  LoginPage:61 - isLoginPage true
]]>
    </line>
    <line>
      <![CDATA[2018-05-31 13:27:21 INFO  CommonPage:103 - logout
]]>
    </line>
    <line>
      <![CDATA[2018-05-31 13:27:21 WARN  LoginPage:61 - isLoginPage true
]]>
    </line>
    <line>
      <![CDATA[2018-05-31 13:27:21 INFO  BaseTest:36 - startWebSite
]]>
    </line>
    <line>
      <![CDATA[2018-05-31 13:27:21 INFO  WebDriverLogger:14 - WebDriver navigated to 'http://ipsilon-dev.sgu.ru/'
]]>
    </line>
    <line>
      <![CDATA[2018-05-31 13:27:21 INFO  Page:35 - openWebSite
]]>
    </line>
    <line>
      <![CDATA[2018-05-31 13:27:21 WARN  LoginPage:61 - isLoginPage true
]]>
    </line>
    <line>
      <![CDATA[2018-05-31 13:27:21 INFO  BaseTest:42 - x_Login
]]>
    </line>
    <line>
      <![CDATA[2018-05-31 13:27:23 WARN  MainPage:215 - isMainPage true
]]>
    </line>
    <line>
      <![CDATA[2018-05-31 13:27:23 WARN  LoginPage:39 - x_Login: x_Login-mari-lukashowa@yandex.ru , password- password
]]>
    </line>
    <line>
      <![CDATA[2018-05-31 13:27:23 WARN  CommonPage:136 - isLogin Лукашова М. А. true
]]>
    </line>
    <line>
      <![CDATA[2018-05-31 13:27:23 INFO  EditText_ItalicTest:18 - BeforeMethod openPortfolio
]]>
    </line>
    <line>
      <![CDATA[2018-05-31 13:27:23 INFO  CommonPage:50 - openMainPage
]]>
    </line>
    <line>
      <![CDATA[2018-05-31 13:27:24 WARN  MainPage:215 - isMainPage true
]]>
    </line>
    <line>
      <![CDATA[2018-05-31 13:27:24 INFO  MainPage:180 - openPortfolio
]]>
    </line>
    <line>
      <![CDATA[2018-05-31 13:27:25 WARN  PortfolioPage:226 - isPortfolioPage true
]]>
    </line>
    <line>
      <![CDATA[2018-05-31 13:27:25 INFO  EditText_ItalicTest:26 - TC_CPT_7.1.2 makeItalicTextOnCommonPortfolio
]]>
    </line>
    <line>
      <![CDATA[2018-05-31 13:27:25 INFO  PortfolioPage:61 - openCommonPortfolio
]]>
    </line>
    <line>
      <![CDATA[2018-05-31 13:27:27 INFO  PortfolioPage:111 - openEditMode
]]>
    </line>
    <line>
      <![CDATA[2018-05-31 13:27:28 INFO  PortfolioPage:162 - enterText Текст
]]>
    </line>
    <line>
      <![CDATA[2018-05-31 13:27:28 WARN  PortfolioPage:188 - setTextItalic true
]]>
    </line>
    <line>
      <![CDATA[2018-05-31 13:27:28 INFO  EditText_ItalicTest:18 - BeforeMethod openPortfolio
]]>
    </line>
    <line>
      <![CDATA[2018-05-31 13:27:28 INFO  CommonPage:50 - openMainPage
]]>
    </line>
    <line>
      <![CDATA[2018-05-31 13:27:30 WARN  MainPage:215 - isMainPage true
]]>
    </line>
    <line>
      <![CDATA[2018-05-31 13:27:30 INFO  MainPage:180 - openPortfolio
]]>
    </line>
    <line>
      <![CDATA[2018-05-31 13:27:31 WARN  PortfolioPage:226 - isPortfolioPage true
]]>
    </line>
    <line>
      <![CDATA[2018-05-31 13:27:31 INFO  EditText_ItalicTest:36 - TC_CPT_7.1.2 makeItalicTextOnCourseWorksPortfolio
]]>
    </line>
    <line>
      <![CDATA[2018-05-31 13:27:31 INFO  PortfolioPage:69 - openCoursWorks
]]>
    </line>
    <line>
      <![CDATA[2018-05-31 13:27:32 INFO  PortfolioPage:111 - openEditMode
]]>
    </line>
    <line>
      <![CDATA[2018-05-31 13:27:33 INFO  PortfolioPage:162 - enterText Текст
]]>
    </line>
    <line>
      <![CDATA[2018-05-31 13:27:33 WARN  PortfolioPage:188 - setTextItalic true
]]>
    </line>
    <line>
      <![CDATA[2018-05-31 13:27:33 INFO  EditText_ItalicTest:18 - BeforeMethod openPortfolio
]]>
    </line>
    <line>
      <![CDATA[2018-05-31 13:27:33 INFO  CommonPage:50 - openMainPage
]]>
    </line>
    <line>
      <![CDATA[2018-05-31 13:27:34 WARN  MainPage:215 - isMainPage true
]]>
    </line>
    <line>
      <![CDATA[2018-05-31 13:27:34 INFO  MainPage:180 - openPortfolio
]]>
    </line>
    <line>
      <![CDATA[2018-05-31 13:27:36 WARN  PortfolioPage:226 - isPortfolioPage true
]]>
    </line>
    <line>
      <![CDATA[2018-05-31 13:27:36 INFO  EditText_ItalicTest:56 - TC_CPT_7.1.2 makeItalicTextOnIndividualAchievementsPortfolio
]]>
    </line>
    <line>
      <![CDATA[2018-05-31 13:27:36 INFO  PortfolioPage:85 - openIndividualAchievements
]]>
    </line>
    <line>
      <![CDATA[2018-05-31 13:27:37 INFO  PortfolioPage:111 - openEditMode
]]>
    </line>
    <line>
      <![CDATA[2018-05-31 13:27:39 INFO  PortfolioPage:162 - enterText Текст
]]>
    </line>
    <line>
      <![CDATA[2018-05-31 13:27:39 WARN  PortfolioPage:172 - setTextBolt true
]]>
    </line>
    <line>
      <![CDATA[2018-05-31 13:27:39 INFO  EditText_ItalicTest:18 - BeforeMethod openPortfolio
]]>
    </line>
    <line>
      <![CDATA[2018-05-31 13:27:39 INFO  CommonPage:50 - openMainPage
]]>
    </line>
    <line>
      <![CDATA[2018-05-31 13:27:40 WARN  MainPage:215 - isMainPage true
]]>
    </line>
    <line>
      <![CDATA[2018-05-31 13:27:40 INFO  MainPage:180 - openPortfolio
]]>
    </line>
    <line>
      <![CDATA[2018-05-31 13:27:42 WARN  PortfolioPage:226 - isPortfolioPage true
]]>
    </line>
    <line>
      <![CDATA[2018-05-31 13:27:42 INFO  EditText_ItalicTest:66 - TC_CPT_7.1.2 makeItalicTextOnOtherInfoPortfolio
]]>
    </line>
    <line>
      <![CDATA[2018-05-31 13:27:42 INFO  PortfolioPage:93 - openOther
]]>
    </line>
    <line>
      <![CDATA[2018-05-31 13:27:43 INFO  PortfolioPage:111 - openEditMode
]]>
    </line>
    <line>
      <![CDATA[2018-05-31 13:27:45 INFO  PortfolioPage:162 - enterText Текст
]]>
    </line>
    <line>
      <![CDATA[2018-05-31 13:27:46 WARN  PortfolioPage:188 - setTextItalic true
]]>
    </line>
    <line>
      <![CDATA[2018-05-31 13:27:46 INFO  EditText_ItalicTest:18 - BeforeMethod openPortfolio
]]>
    </line>
    <line>
      <![CDATA[2018-05-31 13:27:46 INFO  CommonPage:50 - openMainPage
]]>
    </line>
    <line>
      <![CDATA[2018-05-31 13:27:47 WARN  MainPage:215 - isMainPage true
]]>
    </line>
    <line>
      <![CDATA[2018-05-31 13:27:47 INFO  MainPage:180 - openPortfolio
]]>
    </line>
    <line>
      <![CDATA[2018-05-31 13:27:48 WARN  PortfolioPage:226 - isPortfolioPage true
]]>
    </line>
    <line>
      <![CDATA[2018-05-31 13:27:48 INFO  EditText_ItalicTest:46 - TC_CPT_7.1.2 makeItalicTextOnPractiksPortfolio
]]>
    </line>
    <line>
      <![CDATA[2018-05-31 13:27:48 INFO  PortfolioPage:77 - openPractiks
]]>
    </line>
    <line>
      <![CDATA[2018-05-31 13:27:49 INFO  PortfolioPage:111 - openEditMode
]]>
    </line>
    <line>
      <![CDATA[2018-05-31 13:27:51 INFO  PortfolioPage:162 - enterText Текст
]]>
    </line>
    <line>
      <![CDATA[2018-05-31 13:27:51 WARN  PortfolioPage:188 - setTextItalic true
]]>
    </line>
    <line>
      <![CDATA[2018-05-31 13:27:51 INFO  BaseTest:48 - closeAuthorizationOut
]]>
    </line>
    <line>
      <![CDATA[2018-05-31 13:27:52 WARN  LoginPage:61 - isLoginPage true
]]>
    </line>
    <line>
      <![CDATA[2018-05-31 13:27:52 INFO  CommonPage:103 - logout
]]>
    </line>
    <line>
      <![CDATA[2018-05-31 13:27:52 WARN  LoginPage:61 - isLoginPage true
]]>
    </line>
    <line>
      <![CDATA[2018-05-31 13:27:52 INFO  BaseTest:36 - startWebSite
]]>
    </line>
    <line>
      <![CDATA[2018-05-31 13:27:53 INFO  WebDriverLogger:14 - WebDriver navigated to 'http://ipsilon-dev.sgu.ru/'
]]>
    </line>
    <line>
      <![CDATA[2018-05-31 13:27:53 INFO  Page:35 - openWebSite
]]>
    </line>
    <line>
      <![CDATA[2018-05-31 13:27:53 WARN  LoginPage:61 - isLoginPage true
]]>
    </line>
    <line>
      <![CDATA[2018-05-31 13:27:53 INFO  BaseTest:42 - x_Login
]]>
    </line>
    <line>
      <![CDATA[2018-05-31 13:27:54 WARN  MainPage:215 - isMainPage true
]]>
    </line>
    <line>
      <![CDATA[2018-05-31 13:27:54 WARN  LoginPage:39 - x_Login: x_Login-mari-lukashowa@yandex.ru , password- password
]]>
    </line>
    <line>
      <![CDATA[2018-05-31 13:27:54 WARN  CommonPage:136 - isLogin Лукашова М. А. true
]]>
    </line>
    <line>
      <![CDATA[2018-05-31 13:27:54 INFO  EditText_UnderlineTest:18 - BeforeMethod openPortfolio
]]>
    </line>
    <line>
      <![CDATA[2018-05-31 13:27:54 INFO  CommonPage:50 - openMainPage
]]>
    </line>
    <line>
      <![CDATA[2018-05-31 13:27:55 WARN  MainPage:215 - isMainPage true
]]>
    </line>
    <line>
      <![CDATA[2018-05-31 13:27:55 INFO  MainPage:180 - openPortfolio
]]>
    </line>
    <line>
      <![CDATA[2018-05-31 13:27:56 WARN  PortfolioPage:226 - isPortfolioPage true
]]>
    </line>
    <line>
      <![CDATA[2018-05-31 13:27:56 INFO  EditText_UnderlineTest:46 - TC_CPT_7.1.3 makeUnderlineTextOnPractiksPortfolio
]]>
    </line>
    <line>
      <![CDATA[2018-05-31 13:27:56 INFO  PortfolioPage:77 - openPractiks
]]>
    </line>
    <line>
      <![CDATA[2018-05-31 13:27:57 INFO  PortfolioPage:111 - openEditMode
]]>
    </line>
    <line>
      <![CDATA[2018-05-31 13:27:59 INFO  PortfolioPage:162 - enterText Текст
]]>
    </line>
    <line>
      <![CDATA[2018-05-31 13:27:59 WARN  PortfolioPage:204 - setTextUnderline true
]]>
    </line>
    <line>
      <![CDATA[2018-05-31 13:27:59 INFO  EditText_UnderlineTest:18 - BeforeMethod openPortfolio
]]>
    </line>
    <line>
      <![CDATA[2018-05-31 13:27:59 INFO  CommonPage:50 - openMainPage
]]>
    </line>
    <line>
      <![CDATA[2018-05-31 13:28:01 WARN  MainPage:215 - isMainPage true
]]>
    </line>
    <line>
      <![CDATA[2018-05-31 13:28:01 INFO  MainPage:180 - openPortfolio
]]>
    </line>
    <line>
      <![CDATA[2018-05-31 13:28:02 WARN  PortfolioPage:226 - isPortfolioPage true
]]>
    </line>
    <line>
      <![CDATA[2018-05-31 13:28:02 INFO  EditText_UnderlineTest:26 - TC_CPT_7.1.3 makeUnderlineTextOnCommonPortfolio
]]>
    </line>
    <line>
      <![CDATA[2018-05-31 13:28:02 INFO  PortfolioPage:61 - openCommonPortfolio
]]>
    </line>
    <line>
      <![CDATA[2018-05-31 13:28:03 INFO  PortfolioPage:111 - openEditMode
]]>
    </line>
    <line>
      <![CDATA[2018-05-31 13:28:05 INFO  PortfolioPage:162 - enterText Текст
]]>
    </line>
    <line>
      <![CDATA[2018-05-31 13:28:05 WARN  PortfolioPage:204 - setTextUnderline true
]]>
    </line>
    <line>
      <![CDATA[2018-05-31 13:28:05 INFO  EditText_UnderlineTest:18 - BeforeMethod openPortfolio
]]>
    </line>
    <line>
      <![CDATA[2018-05-31 13:28:05 INFO  CommonPage:50 - openMainPage
]]>
    </line>
    <line>
      <![CDATA[2018-05-31 13:28:06 WARN  MainPage:215 - isMainPage true
]]>
    </line>
    <line>
      <![CDATA[2018-05-31 13:28:06 INFO  MainPage:180 - openPortfolio
]]>
    </line>
    <line>
      <![CDATA[2018-05-31 13:28:07 WARN  PortfolioPage:226 - isPortfolioPage true
]]>
    </line>
    <line>
      <![CDATA[2018-05-31 13:28:07 INFO  EditText_UnderlineTest:36 - TC_CPT_7.1.3 makeUnderlineTextOnCourseWorksPortfolio
]]>
    </line>
    <line>
      <![CDATA[2018-05-31 13:28:07 INFO  PortfolioPage:69 - openCoursWorks
]]>
    </line>
    <line>
      <![CDATA[2018-05-31 13:28:08 INFO  PortfolioPage:111 - openEditMode
]]>
    </line>
    <line>
      <![CDATA[2018-05-31 13:28:10 INFO  PortfolioPage:162 - enterText Текст
]]>
    </line>
    <line>
      <![CDATA[2018-05-31 13:28:10 WARN  PortfolioPage:204 - setTextUnderline true
]]>
    </line>
    <line>
      <![CDATA[2018-05-31 13:28:10 INFO  EditText_UnderlineTest:18 - BeforeMethod openPortfolio
]]>
    </line>
    <line>
      <![CDATA[2018-05-31 13:28:10 INFO  CommonPage:50 - openMainPage
]]>
    </line>
    <line>
      <![CDATA[2018-05-31 13:28:12 WARN  MainPage:215 - isMainPage true
]]>
    </line>
    <line>
      <![CDATA[2018-05-31 13:28:12 INFO  MainPage:180 - openPortfolio
]]>
    </line>
    <line>
      <![CDATA[2018-05-31 13:28:13 WARN  PortfolioPage:226 - isPortfolioPage true
]]>
    </line>
    <line>
      <![CDATA[2018-05-31 13:28:13 INFO  EditText_UnderlineTest:56 - TC_CPT_7.1.3 makeUnderlineTextOnIndividualAchievementsPortfolio
]]>
    </line>
    <line>
      <![CDATA[2018-05-31 13:28:13 INFO  PortfolioPage:85 - openIndividualAchievements
]]>
    </line>
    <line>
      <![CDATA[2018-05-31 13:28:14 INFO  PortfolioPage:111 - openEditMode
]]>
    </line>
    <line>
      <![CDATA[2018-05-31 13:28:15 INFO  PortfolioPage:162 - enterText Текст
]]>
    </line>
    <line>
      <![CDATA[2018-05-31 13:28:16 WARN  PortfolioPage:204 - setTextUnderline true
]]>
    </line>
    <line>
      <![CDATA[2018-05-31 13:28:16 INFO  EditText_UnderlineTest:18 - BeforeMethod openPortfolio
]]>
    </line>
    <line>
      <![CDATA[2018-05-31 13:28:16 INFO  CommonPage:50 - openMainPage
]]>
    </line>
    <line>
      <![CDATA[2018-05-31 13:28:17 WARN  MainPage:215 - isMainPage true
]]>
    </line>
    <line>
      <![CDATA[2018-05-31 13:28:17 INFO  MainPage:180 - openPortfolio
]]>
    </line>
    <line>
      <![CDATA[2018-05-31 13:28:19 WARN  PortfolioPage:226 - isPortfolioPage true
]]>
    </line>
    <line>
      <![CDATA[2018-05-31 13:28:19 INFO  EditText_UnderlineTest:66 - TC_CPT_7.1.3 makeUnderlineTextOnOtherInfoPortfolio
]]>
    </line>
    <line>
      <![CDATA[2018-05-31 13:28:19 INFO  PortfolioPage:93 - openOther
]]>
    </line>
    <line>
      <![CDATA[2018-05-31 13:28:20 INFO  PortfolioPage:111 - openEditMode
]]>
    </line>
    <line>
      <![CDATA[2018-05-31 13:28:22 INFO  PortfolioPage:162 - enterText Текст
]]>
    </line>
    <line>
      <![CDATA[2018-05-31 13:28:22 WARN  PortfolioPage:204 - setTextUnderline true
]]>
    </line>
    <line>
      <![CDATA[2018-05-31 13:28:22 INFO  BaseTest:48 - closeAuthorizationOut
]]>
    </line>
    <line>
      <![CDATA[2018-05-31 13:28:23 WARN  LoginPage:61 - isLoginPage true
]]>
    </line>
    <line>
      <![CDATA[2018-05-31 13:28:23 INFO  CommonPage:103 - logout
]]>
    </line>
    <line>
      <![CDATA[2018-05-31 13:28:23 WARN  LoginPage:61 - isLoginPage true
]]>
    </line>
    <line>
      <![CDATA[2018-05-31 13:28:23 INFO  BaseTest:36 - startWebSite
]]>
    </line>
    <line>
      <![CDATA[2018-05-31 13:28:23 INFO  WebDriverLogger:14 - WebDriver navigated to 'http://ipsilon-dev.sgu.ru/'
]]>
    </line>
    <line>
      <![CDATA[2018-05-31 13:28:23 INFO  Page:35 - openWebSite
]]>
    </line>
    <line>
      <![CDATA[2018-05-31 13:28:23 WARN  LoginPage:61 - isLoginPage true
]]>
    </line>
    <line>
      <![CDATA[2018-05-31 13:28:23 INFO  BaseTest:42 - x_Login
]]>
    </line>
    <line>
      <![CDATA[2018-05-31 13:28:25 WARN  MainPage:215 - isMainPage true
]]>
    </line>
    <line>
      <![CDATA[2018-05-31 13:28:25 WARN  LoginPage:39 - x_Login: x_Login-mari-lukashowa@yandex.ru , password- password
]]>
    </line>
    <line>
      <![CDATA[2018-05-31 13:28:25 WARN  CommonPage:136 - isLogin Лукашова М. А. true
]]>
    </line>
    <line>
      <![CDATA[2018-05-31 13:28:25 INFO  AddFileInPortfolioTest:19 - BeforeMethod openPortfolio
]]>
    </line>
    <line>
      <![CDATA[2018-05-31 13:28:25 INFO  CommonPage:50 - openMainPage
]]>
    </line>
    <line>
      <![CDATA[2018-05-31 13:28:26 WARN  MainPage:215 - isMainPage true
]]>
    </line>
    <line>
      <![CDATA[2018-05-31 13:28:26 INFO  MainPage:180 - openPortfolio
]]>
    </line>
    <line>
      <![CDATA[2018-05-31 13:28:28 WARN  PortfolioPage:226 - isPortfolioPage true
]]>
    </line>
    <line>
      <![CDATA[2018-05-31 13:28:28 INFO  AddFileInPortfolioTest:25 - TC_CPT_7.2 addFileAndSafe
]]>
    </line>
    <line>
      <![CDATA[2018-05-31 13:28:28 INFO  PortfolioPage:61 - openCommonPortfolio
]]>
    </line>
    <line>
      <![CDATA[2018-05-31 13:28:29 INFO  PortfolioPage:111 - openEditMode
]]>
    </line>
    <line>
      <![CDATA[2018-05-31 13:28:31 INFO  PortfolioPage:118 - addFile \src\test\resources\artifacts\glaza-kot-usy-koska-klyki-usi-azyk.jpg
]]>
    </line>
    <line>
      <![CDATA[2018-05-31 13:28:31 INFO  PortfolioPage:126 - safeEditing
]]>
    </line>
    <line>
      <![CDATA[2018-05-31 13:28:33 WARN  PortfolioPage:146 - isFilePresent glaza-kot-usy-koska-klyki-usi-azyk.jpg true
]]>
    </line>
    <line>
      <![CDATA[2018-05-31 13:28:33 INFO  AddFileInPortfolioTest:19 - BeforeMethod openPortfolio
]]>
    </line>
    <line>
      <![CDATA[2018-05-31 13:28:33 INFO  CommonPage:50 - openMainPage
]]>
    </line>
    <line>
      <![CDATA[2018-05-31 13:28:34 WARN  MainPage:215 - isMainPage true
]]>
    </line>
    <line>
      <![CDATA[2018-05-31 13:28:34 INFO  MainPage:180 - openPortfolio
]]>
    </line>
    <line>
      <![CDATA[2018-05-31 13:28:36 WARN  PortfolioPage:226 - isPortfolioPage true
]]>
    </line>
    <line>
      <![CDATA[2018-05-31 13:28:36 INFO  AddFileInPortfolioTest:36 - TC_CPT_7.3 addFileAndSafeWithInvalidFile
]]>
    </line>
    <line>
      <![CDATA[2018-05-31 13:28:36 INFO  PortfolioPage:61 - openCommonPortfolio
]]>
    </line>
    <line>
      <![CDATA[2018-05-31 13:28:37 INFO  PortfolioPage:111 - openEditMode
]]>
    </line>
    <line>
      <![CDATA[2018-05-31 13:28:38 INFO  PortfolioPage:118 - addFile \src\test\resources\artifacts\Sky.jpg
]]>
    </line>
    <line>
      <![CDATA[2018-05-31 13:28:39 INFO  PortfolioPage:126 - safeEditing
]]>
    </line>
    <line>
      <![CDATA[2018-05-31 13:28:40 WARN  PortfolioPage:146 - isFilePresent Sky.jpg true
]]>
    </line>
    <line>
      <![CDATA[2018-05-31 13:28:41 INFO  Screenshot:43 - <a href='screenshots/screenshot10080699090097690.png'>AutoScreen</a>
]]>
    </line>
    <line>
      <![CDATA[2018-05-31 13:28:41 INFO  AddFileInPortfolioTest:19 - BeforeMethod openPortfolio
]]>
    </line>
    <line>
      <![CDATA[2018-05-31 13:28:41 INFO  CommonPage:50 - openMainPage
]]>
    </line>
    <line>
      <![CDATA[2018-05-31 13:28:42 WARN  MainPage:215 - isMainPage true
]]>
    </line>
    <line>
      <![CDATA[2018-05-31 13:28:42 INFO  MainPage:180 - openPortfolio
]]>
    </line>
    <line>
      <![CDATA[2018-05-31 13:28:43 WARN  PortfolioPage:226 - isPortfolioPage true
]]>
    </line>
    <line>
      <![CDATA[2018-05-31 13:28:43 INFO  AddFileInPortfolioTest:36 - TC_CPT_7.3 addFileAndSafeWithInvalidFile
]]>
    </line>
    <line>
      <![CDATA[2018-05-31 13:28:43 INFO  PortfolioPage:61 - openCommonPortfolio
]]>
    </line>
    <line>
      <![CDATA[2018-05-31 13:28:45 INFO  PortfolioPage:111 - openEditMode
]]>
    </line>
    <line>
      <![CDATA[2018-05-31 13:28:47 INFO  PortfolioPage:118 - addFile \src\test\resources\artifacts\archive.7z
]]>
    </line>
    <line>
      <![CDATA[2018-05-31 13:28:47 INFO  PortfolioPage:126 - safeEditing
]]>
    </line>
    <line>
      <![CDATA[2018-05-31 13:29:29 WARN  PortfolioPage:149 - isFilePresent archive.7z false
]]>
    </line>
    <line>
      <![CDATA[2018-05-31 13:29:29 WARN  PortfolioPage:226 - isPortfolioPage true
]]>
    </line>
    <line>
      <![CDATA[2018-05-31 13:29:29 INFO  AddFileInPortfolioTest:19 - BeforeMethod openPortfolio
]]>
    </line>
    <line>
      <![CDATA[2018-05-31 13:29:29 INFO  CommonPage:50 - openMainPage
]]>
    </line>
    <line>
      <![CDATA[2018-05-31 13:29:30 WARN  MainPage:215 - isMainPage true
]]>
    </line>
    <line>
      <![CDATA[2018-05-31 13:29:30 INFO  MainPage:180 - openPortfolio
]]>
    </line>
    <line>
      <![CDATA[2018-05-31 13:29:32 WARN  PortfolioPage:226 - isPortfolioPage true
]]>
    </line>
    <line>
      <![CDATA[2018-05-31 13:29:32 INFO  AddFileInPortfolioTest:36 - TC_CPT_7.3 addFileAndSafeWithInvalidFile
]]>
    </line>
    <line>
      <![CDATA[2018-05-31 13:29:32 INFO  PortfolioPage:61 - openCommonPortfolio
]]>
    </line>
    <line>
      <![CDATA[2018-05-31 13:29:33 INFO  PortfolioPage:111 - openEditMode
]]>
    </line>
    <line>
      <![CDATA[2018-05-31 13:29:34 INFO  PortfolioPage:118 - addFile \src\test\resources\artifacts\Xvid-1.3.5-20171208.exe
]]>
    </line>
    <line>
      <![CDATA[2018-05-31 13:29:35 INFO  PortfolioPage:126 - safeEditing
]]>
    </line>
    <line>
      <![CDATA[2018-05-31 13:29:46 WARN  PortfolioPage:149 - isFilePresent Xvid-1.3.5-20171208.exe false
]]>
    </line>
    <line>
      <![CDATA[2018-05-31 13:29:46 WARN  PortfolioPage:226 - isPortfolioPage true
]]>
    </line>
    <line>
      <![CDATA[2018-05-31 13:29:46 INFO  BaseTest:48 - closeAuthorizationOut
]]>
    </line>
    <line>
      <![CDATA[2018-05-31 13:29:47 WARN  LoginPage:61 - isLoginPage true
]]>
    </line>
    <line>
      <![CDATA[2018-05-31 13:29:47 INFO  CommonPage:103 - logout
]]>
    </line>
    <line>
      <![CDATA[2018-05-31 13:29:47 WARN  LoginPage:61 - isLoginPage true
]]>
    </line>
    <line>
      <![CDATA[2018-05-31 13:29:47 INFO  BaseTest:36 - startWebSite
]]>
    </line>
    <line>
      <![CDATA[2018-05-31 13:29:47 INFO  WebDriverLogger:14 - WebDriver navigated to 'http://ipsilon-dev.sgu.ru/'
]]>
    </line>
    <line>
      <![CDATA[2018-05-31 13:29:47 INFO  Page:35 - openWebSite
]]>
    </line>
    <line>
      <![CDATA[2018-05-31 13:29:47 WARN  LoginPage:61 - isLoginPage true
]]>
    </line>
    <line>
      <![CDATA[2018-05-31 13:29:47 INFO  BaseTest:42 - x_Login
]]>
    </line>
    <line>
      <![CDATA[2018-05-31 13:29:49 WARN  MainPage:215 - isMainPage true
]]>
    </line>
    <line>
      <![CDATA[2018-05-31 13:29:49 WARN  LoginPage:39 - x_Login: x_Login-mari-lukashowa@yandex.ru , password- password
]]>
    </line>
    <line>
      <![CDATA[2018-05-31 13:29:49 WARN  CommonPage:136 - isLogin Лукашова М. А. true
]]>
    </line>
    <line>
      <![CDATA[2018-05-31 13:29:49 INFO  InformationTest:18 - TC_CPT_4.1 isContactsAndDocumentsBlock
]]>
    </line>
    <line>
      <![CDATA[2018-05-31 13:29:49 INFO  CommonPage:58 - openInformationPage
]]>
    </line>
    <line>
      <![CDATA[2018-05-31 13:29:51 WARN  InformationPage:58 - isInformationPage true
]]>
    </line>
    <line>
      <![CDATA[2018-05-31 13:29:51 WARN  InformationPage:26 - isContactsPresent true
]]>
    </line>
    <line>
      <![CDATA[2018-05-31 13:29:51 WARN  InformationPage:36 - isDocumentsPresent true
]]>
    </line>
    <line>
      <![CDATA[2018-05-31 13:29:51 INFO  InformationTest:35 - TC_CPT_5.1 isGroupmatesListBlock
]]>
    </line>
    <line>
      <![CDATA[2018-05-31 13:29:51 INFO  CommonPage:74 - openGroupmatesPage
]]>
    </line>
    <line>
      <![CDATA[2018-05-31 13:29:52 WARN  GroupmatesPage:44 - isGroupmatesPage true
]]>
    </line>
    <line>
      <![CDATA[2018-05-31 13:29:52 WARN  GroupmatesPage:22 - isGroupmatesListPresent true
]]>
    </line>
    <line>
      <![CDATA[2018-05-31 13:29:52 INFO  InformationTest:27 - TC_CPT_4.2 openDocument
]]>
    </line>
    <line>
      <![CDATA[2018-05-31 13:29:52 INFO  CommonPage:58 - openInformationPage
]]>
    </line>
    <line>
      <![CDATA[2018-05-31 13:29:54 WARN  InformationPage:58 - isInformationPage true
]]>
    </line>
    <line>
      <![CDATA[2018-05-31 13:29:54 WARN  InformationPage:49 - openDocument true
]]>
    </line>
    <line>
      <![CDATA[2018-05-31 13:29:54 INFO  BaseTest:48 - closeAuthorizationOut
]]>
    </line>
    <line>
      <![CDATA[2018-05-31 13:29:55 WARN  LoginPage:61 - isLoginPage true
]]>
    </line>
    <line>
      <![CDATA[2018-05-31 13:29:55 INFO  CommonPage:103 - logout
]]>
    </line>
    <line>
      <![CDATA[2018-05-31 13:29:55 WARN  LoginPage:61 - isLoginPage true
]]>
    </line>
    <line>
      <![CDATA[2018-05-31 13:29:55 INFO  BaseTest:36 - startWebSite
]]>
    </line>
    <line>
      <![CDATA[2018-05-31 13:29:56 INFO  WebDriverLogger:14 - WebDriver navigated to 'http://ipsilon-dev.sgu.ru/'
]]>
    </line>
    <line>
      <![CDATA[2018-05-31 13:29:56 INFO  Page:35 - openWebSite
]]>
    </line>
    <line>
      <![CDATA[2018-05-31 13:29:56 WARN  LoginPage:61 - isLoginPage true
]]>
    </line>
    <line>
      <![CDATA[2018-05-31 13:29:56 INFO  BaseTest:42 - x_Login
]]>
    </line>
    <line>
      <![CDATA[2018-05-31 13:29:57 WARN  MainPage:215 - isMainPage true
]]>
    </line>
    <line>
      <![CDATA[2018-05-31 13:29:57 WARN  LoginPage:39 - x_Login: x_Login-mari-lukashowa@yandex.ru , password- password
]]>
    </line>
    <line>
      <![CDATA[2018-05-31 13:29:57 WARN  CommonPage:136 - isLogin Лукашова М. А. true
]]>
    </line>
    <line>
      <![CDATA[2018-05-31 13:29:57 INFO  EducationTest:16 - TC_4.1 isInfoSubject
]]>
    </line>
    <line>
      <![CDATA[2018-05-31 13:29:57 INFO  CommonPage:66 - openEducationPage
]]>
    </line>
    <line>
      <![CDATA[2018-05-31 13:30:00 WARN  EducationPage:133 - isEducationPage true
]]>
    </line>
    <line>
      <![CDATA[2018-05-31 13:30:00 INFO  EducationPage:40 - openSemester 2
]]>
    </line>
    <line>
      <![CDATA[2018-05-31 13:30:02 INFO  EducationPage:46 - openInfoSubject
]]>
    </line>
    <line>
      <![CDATA[2018-05-31 13:30:02 WARN  EducationPage:54 - isInfoBlockSubjectPresent true
]]>
    </line>
    <line>
      <![CDATA[2018-05-31 13:30:02 INFO  EducationTest:33 - TC_4.3 openSubject
]]>
    </line>
    <line>
      <![CDATA[2018-05-31 13:30:02 INFO  CommonPage:66 - openEducationPage
]]>
    </line>
    <line>
      <![CDATA[2018-05-31 13:30:05 WARN  EducationPage:133 - isEducationPage true
]]>
    </line>
    <line>
      <![CDATA[2018-05-31 13:30:05 INFO  EducationPage:40 - openSemester 8
]]>
    </line>
    <line>
      <![CDATA[2018-05-31 13:30:09 WARN  EducationPage:79 - openSubject true
]]>
    </line>
    <line>
      <![CDATA[2018-05-31 13:30:09 INFO  EducationTest:26 - TC_4.2 openDialogueWithTeacher
]]>
    </line>
    <line>
      <![CDATA[2018-05-31 13:30:09 INFO  EducationPage:63 - writeMessange
]]>
    </line>
    <line>
      <![CDATA[2018-05-31 13:30:19 INFO  Screenshot:43 - <a href='screenshots/screenshot738270131872609486.png'>AutoScreen</a>
]]>
    </line>
    <line>
      <![CDATA[2018-05-31 13:30:19 INFO  EducationTest:49 - TC_5.2 isStatisticPresent
]]>
    </line>
    <line>
      <![CDATA[2018-05-31 13:30:19 WARN  EducationPage:100 - isStatisticPresent true
]]>
    </line>
    <line>
      <![CDATA[2018-05-31 13:30:19 INFO  EducationTest:56 - TC_5.3 isStructurePresent
]]>
    </line>
    <line>
      <![CDATA[2018-05-31 13:30:19 WARN  EducationPage:110 - isStructurePresent true
]]>
    </line>
    <line>
      <![CDATA[2018-05-31 13:30:19 INFO  EducationTest:42 - TC_5.1 isTablePresent
]]>
    </line>
    <line>
      <![CDATA[2018-05-31 13:30:19 WARN  EducationPage:90 - isTablePresent true
]]>
    </line>
    <line>
      <![CDATA[2018-05-31 13:30:19 INFO  EducationTest:63 - TC_5.4 openDocument
]]>
    </line>
    <line>
      <![CDATA[2018-05-31 13:30:21 INFO  EducationPage:121 - openDocument Титульный лист рабочей программы дисциплины
]]>
    </line>
    <line>
      <![CDATA[2018-05-31 13:30:21 INFO  BaseTest:48 - closeAuthorizationOut
]]>
    </line>
    <line>
      <![CDATA[2018-05-31 13:30:23 WARN  LoginPage:61 - isLoginPage true
]]>
    </line>
    <line>
      <![CDATA[2018-05-31 13:30:23 INFO  CommonPage:103 - logout
]]>
    </line>
    <line>
      <![CDATA[2018-05-31 13:30:23 WARN  LoginPage:61 - isLoginPage true
]]>
    </line>
    <line>
      <![CDATA[2018-05-31 13:30:23 INFO  BaseTest:36 - startWebSite
]]>
    </line>
    <line>
      <![CDATA[2018-05-31 13:30:23 INFO  WebDriverLogger:14 - WebDriver navigated to 'http://ipsilon-dev.sgu.ru/'
]]>
    </line>
    <line>
      <![CDATA[2018-05-31 13:30:23 INFO  Page:35 - openWebSite
]]>
    </line>
    <line>
      <![CDATA[2018-05-31 13:30:23 WARN  LoginPage:61 - isLoginPage true
]]>
    </line>
    <line>
      <![CDATA[2018-05-31 13:30:23 INFO  BaseTest:42 - x_Login
]]>
    </line>
    <line>
      <![CDATA[2018-05-31 13:30:25 WARN  MainPage:215 - isMainPage true
]]>
    </line>
    <line>
      <![CDATA[2018-05-31 13:30:25 WARN  LoginPage:39 - x_Login: x_Login-mari-lukashowa@yandex.ru , password- password
]]>
    </line>
    <line>
      <![CDATA[2018-05-31 13:30:25 WARN  CommonPage:136 - isLogin Лукашова М. А. true
]]>
    </line>
    <line>
      <![CDATA[2018-05-31 13:30:25 INFO  BirthdayTest:18 - BeforeMethod openMainPage
]]>
    </line>
    <line>
      <![CDATA[2018-05-31 13:30:25 INFO  CommonPage:50 - openMainPage
]]>
    </line>
    <line>
      <![CDATA[2018-05-31 13:30:27 WARN  MainPage:215 - isMainPage true
]]>
    </line>
    <line>
      <![CDATA[2018-05-31 13:30:27 INFO  BirthdayTest:24 - TC_CPT_1.7.1 changeBirthday
]]>
    </line>
    <line>
      <![CDATA[2018-05-31 13:30:27 INFO  MainPage:135 - changeBirthday 02.12.98
]]>
    </line>
    <line>
      <![CDATA[2018-05-31 13:30:58 WARN  MainPage:147 - isBirthdayPresent 02.12.98 true
]]>
    </line>
    <line>
      <![CDATA[2018-05-31 13:30:58 INFO  BirthdayTest:18 - BeforeMethod openMainPage
]]>
    </line>
    <line>
      <![CDATA[2018-05-31 13:30:58 INFO  CommonPage:50 - openMainPage
]]>
    </line>
    <line>
      <![CDATA[2018-05-31 13:30:59 WARN  MainPage:215 - isMainPage true
]]>
    </line>
    <line>
      <![CDATA[2018-05-31 13:30:59 INFO  BirthdayTest:24 - TC_CPT_1.7.1 changeBirthday
]]>
    </line>
    <line>
      <![CDATA[2018-05-31 13:30:59 INFO  MainPage:135 - changeBirthday 05-10-1990
]]>
    </line>
    <line>
      <![CDATA[2018-05-31 13:31:30 WARN  MainPage:147 - isBirthdayPresent 05-10-1990 true
]]>
    </line>
    <line>
      <![CDATA[2018-05-31 13:31:30 INFO  BirthdayTest:18 - BeforeMethod openMainPage
]]>
    </line>
    <line>
      <![CDATA[2018-05-31 13:31:30 INFO  CommonPage:50 - openMainPage
]]>
    </line>
    <line>
      <![CDATA[2018-05-31 13:31:31 WARN  MainPage:215 - isMainPage true
]]>
    </line>
    <line>
      <![CDATA[2018-05-31 13:31:31 INFO  BirthdayTest:24 - TC_CPT_1.7.1 changeBirthday
]]>
    </line>
    <line>
      <![CDATA[2018-05-31 13:31:31 INFO  MainPage:135 - changeBirthday 12/03/1999
]]>
    </line>
    <line>
      <![CDATA[2018-05-31 13:32:01 WARN  MainPage:147 - isBirthdayPresent 12/03/1999 true
]]>
    </line>
    <line>
      <![CDATA[2018-05-31 13:32:01 INFO  BirthdayTest:18 - BeforeMethod openMainPage
]]>
    </line>
    <line>
      <![CDATA[2018-05-31 13:32:01 INFO  CommonPage:50 - openMainPage
]]>
    </line>
    <line>
      <![CDATA[2018-05-31 13:32:02 WARN  MainPage:215 - isMainPage true
]]>
    </line>
    <line>
      <![CDATA[2018-05-31 13:32:02 INFO  BirthdayTest:33 - TC_CPT_1.7.1 changeBirthday
]]>
    </line>
    <line>
      <![CDATA[2018-05-31 13:32:02 INFO  MainPage:135 - changeBirthday 
]]>
    </line>
    <line>
      <![CDATA[2018-05-31 13:32:33 WARN  MainPage:147 - isBirthdayPresent Пусто true
]]>
    </line>
    <line>
      <![CDATA[2018-05-31 13:32:33 INFO  BirthdayTest:18 - BeforeMethod openMainPage
]]>
    </line>
    <line>
      <![CDATA[2018-05-31 13:32:33 INFO  CommonPage:50 - openMainPage
]]>
    </line>
    <line>
      <![CDATA[2018-05-31 13:32:34 WARN  MainPage:215 - isMainPage true
]]>
    </line>
    <line>
      <![CDATA[2018-05-31 13:32:34 INFO  BirthdayTest:42 - TC_CPT_1.7.2/TC_CPT_1.7.3 changeBirthdayWithInvalidText
]]>
    </line>
    <line>
      <![CDATA[2018-05-31 13:32:34 INFO  MainPage:135 - changeBirthday test
]]>
    </line>
    <line>
      <![CDATA[2018-05-31 13:32:35 WARN  MainPage:147 - isBirthdayPresent test true
]]>
    </line>
    <line>
      <![CDATA[2018-05-31 13:32:35 INFO  Screenshot:43 - <a href='screenshots/screenshot8964402638670134471.png'>AutoScreen</a>
]]>
    </line>
    <line>
      <![CDATA[2018-05-31 13:32:35 INFO  BirthdayTest:18 - BeforeMethod openMainPage
]]>
    </line>
    <line>
      <![CDATA[2018-05-31 13:32:35 INFO  CommonPage:50 - openMainPage
]]>
    </line>
    <line>
      <![CDATA[2018-05-31 13:32:37 WARN  MainPage:215 - isMainPage true
]]>
    </line>
    <line>
      <![CDATA[2018-05-31 13:32:37 INFO  BirthdayTest:42 - TC_CPT_1.7.2/TC_CPT_1.7.3 changeBirthdayWithInvalidText
]]>
    </line>
    <line>
      <![CDATA[2018-05-31 13:32:37 INFO  MainPage:135 - changeBirthday 05/45/1987
]]>
    </line>
    <line>
      <![CDATA[2018-05-31 13:33:07 WARN  MainPage:147 - isBirthdayPresent 05/45/1987 true
]]>
    </line>
    <line>
      <![CDATA[2018-05-31 13:33:08 INFO  Screenshot:43 - <a href='screenshots/screenshot879145814483624930.png'>AutoScreen</a>
]]>
    </line>
    <line>
      <![CDATA[2018-05-31 13:33:08 INFO  BirthdayTest:18 - BeforeMethod openMainPage
]]>
    </line>
    <line>
      <![CDATA[2018-05-31 13:33:08 INFO  CommonPage:50 - openMainPage
]]>
    </line>
    <line>
      <![CDATA[2018-05-31 13:33:09 WARN  MainPage:215 - isMainPage true
]]>
    </line>
    <line>
      <![CDATA[2018-05-31 13:33:09 INFO  BirthdayTest:42 - TC_CPT_1.7.2/TC_CPT_1.7.3 changeBirthdayWithInvalidText
]]>
    </line>
    <line>
      <![CDATA[2018-05-31 13:33:09 INFO  MainPage:135 - changeBirthday 09.12.2030
]]>
    </line>
    <line>
      <![CDATA[2018-05-31 13:33:09 WARN  MainPage:147 - isBirthdayPresent 09.12.2030 true
]]>
    </line>
    <line>
      <![CDATA[2018-05-31 13:33:10 INFO  Screenshot:43 - <a href='screenshots/screenshot618799935730592340.png'>AutoScreen</a>
]]>
    </line>
    <line>
      <![CDATA[2018-05-31 13:33:10 INFO  BirthdayTest:18 - BeforeMethod openMainPage
]]>
    </line>
    <line>
      <![CDATA[2018-05-31 13:33:10 INFO  CommonPage:50 - openMainPage
]]>
    </line>
    <line>
      <![CDATA[2018-05-31 13:33:11 WARN  MainPage:215 - isMainPage true
]]>
    </line>
    <line>
      <![CDATA[2018-05-31 13:33:11 INFO  BirthdayTest:42 - TC_CPT_1.7.2/TC_CPT_1.7.3 changeBirthdayWithInvalidText
]]>
    </line>
    <line>
      <![CDATA[2018-05-31 13:33:11 INFO  MainPage:135 - changeBirthday ^$%#$@
]]>
    </line>
    <line>
      <![CDATA[2018-05-31 13:33:11 WARN  MainPage:147 - isBirthdayPresent ^$%#$@ true
]]>
    </line>
    <line>
      <![CDATA[2018-05-31 13:33:12 INFO  Screenshot:43 - <a href='screenshots/screenshot6048602438282432647.png'>AutoScreen</a>
]]>
    </line>
    <line>
      <![CDATA[2018-05-31 13:33:12 INFO  BaseTest:48 - closeAuthorizationOut
]]>
    </line>
    <line>
      <![CDATA[2018-05-31 13:33:13 WARN  LoginPage:61 - isLoginPage true
]]>
    </line>
    <line>
      <![CDATA[2018-05-31 13:33:13 INFO  CommonPage:103 - logout
]]>
    </line>
    <line>
      <![CDATA[2018-05-31 13:33:13 WARN  LoginPage:61 - isLoginPage true
]]>
    </line>
    <line>
      <![CDATA[2018-05-31 13:33:13 INFO  BaseTest:36 - startWebSite
]]>
    </line>
    <line>
      <![CDATA[2018-05-31 13:33:13 INFO  WebDriverLogger:14 - WebDriver navigated to 'http://ipsilon-dev.sgu.ru/'
]]>
    </line>
    <line>
      <![CDATA[2018-05-31 13:33:13 INFO  Page:35 - openWebSite
]]>
    </line>
    <line>
      <![CDATA[2018-05-31 13:33:13 WARN  LoginPage:61 - isLoginPage true
]]>
    </line>
    <line>
      <![CDATA[2018-05-31 13:33:13 INFO  BaseTest:42 - x_Login
]]>
    </line>
    <line>
      <![CDATA[2018-05-31 13:33:15 WARN  MainPage:215 - isMainPage true
]]>
    </line>
    <line>
      <![CDATA[2018-05-31 13:33:15 WARN  LoginPage:39 - x_Login: x_Login-mari-lukashowa@yandex.ru , password- password
]]>
    </line>
    <line>
      <![CDATA[2018-05-31 13:33:15 WARN  CommonPage:136 - isLogin Лукашова М. А. true
]]>
    </line>
    <line>
      <![CDATA[2018-05-31 13:33:15 INFO  NewsTest:19 - BeforeMethod openMainPage
]]>
    </line>
    <line>
      <![CDATA[2018-05-31 13:33:15 INFO  CommonPage:50 - openMainPage
]]>
    </line>
    <line>
      <![CDATA[2018-05-31 13:33:16 WARN  MainPage:215 - isMainPage true
]]>
    </line>
    <line>
      <![CDATA[2018-05-31 13:33:16 INFO  NewsTest:25 - TC_CPT_1.4.2 addNote
]]>
    </line>
    <line>
      <![CDATA[2018-05-31 13:33:16 INFO  CommonPage:131 - countNote
]]>
    </line>
    <line>
      <![CDATA[2018-05-31 13:33:17 INFO  CommonPage:116 - addNote HELLO it is auto TEST
]]>
    </line>
    <line>
      <![CDATA[2018-05-31 13:33:18 WARN  CommonPage:149 - isNotePresent true
]]>
    </line>
    <line>
      <![CDATA[2018-05-31 13:33:18 INFO  CommonPage:131 - countNote
]]>
    </line>
    <line>
      <![CDATA[2018-05-31 13:33:18 INFO  NewsTest:19 - BeforeMethod openMainPage
]]>
    </line>
    <line>
      <![CDATA[2018-05-31 13:33:18 INFO  CommonPage:50 - openMainPage
]]>
    </line>
    <line>
      <![CDATA[2018-05-31 13:33:19 WARN  MainPage:215 - isMainPage true
]]>
    </line>
    <line>
      <![CDATA[2018-05-31 13:33:19 INFO  NewsTest:36 - TC_CPT_1.4.1/TC_CPT_1.4.3 addNoteWithInvalidText
]]>
    </line>
    <line>
      <![CDATA[2018-05-31 13:33:19 INFO  CommonPage:131 - countNote
]]>
    </line>
    <line>
      <![CDATA[2018-05-31 13:33:20 INFO  CommonPage:116 - addNote 
]]>
    </line>
    <line>
      <![CDATA[2018-05-31 13:33:50 WARN  CommonPage:152 - isNotePresent false
]]>
    </line>
    <line>
      <![CDATA[2018-05-31 13:33:50 INFO  CommonPage:131 - countNote
]]>
    </line>
    <line>
      <![CDATA[2018-05-31 13:33:50 INFO  Screenshot:43 - <a href='screenshots/screenshot6447845555397767040.png'>AutoScreen</a>
]]>
    </line>
    <line>
      <![CDATA[2018-05-31 13:33:50 INFO  NewsTest:19 - BeforeMethod openMainPage
]]>
    </line>
    <line>
      <![CDATA[2018-05-31 13:33:50 INFO  CommonPage:50 - openMainPage
]]>
    </line>
    <line>
      <![CDATA[2018-05-31 13:33:52 WARN  MainPage:215 - isMainPage true
]]>
    </line>
    <line>
      <![CDATA[2018-05-31 13:33:52 INFO  NewsTest:36 - TC_CPT_1.4.1/TC_CPT_1.4.3 addNoteWithInvalidText
]]>
    </line>
    <line>
      <![CDATA[2018-05-31 13:33:52 INFO  CommonPage:131 - countNote
]]>
    </line>
    <line>
      <![CDATA[2018-05-31 13:33:53 INFO  CommonPage:116 - addNote %#$%@%@#@#^^$
]]>
    </line>
    <line>
      <![CDATA[2018-05-31 13:33:53 WARN  CommonPage:149 - isNotePresent true
]]>
    </line>
    <line>
      <![CDATA[2018-05-31 13:33:53 INFO  Screenshot:43 - <a href='screenshots/screenshot7415290207607981214.png'>AutoScreen</a>
]]>
    </line>
    <line>
      <![CDATA[2018-05-31 13:33:53 INFO  NewsTest:19 - BeforeMethod openMainPage
]]>
    </line>
    <line>
      <![CDATA[2018-05-31 13:33:53 INFO  CommonPage:50 - openMainPage
]]>
    </line>
    <line>
      <![CDATA[2018-05-31 13:33:54 WARN  MainPage:215 - isMainPage true
]]>
    </line>
    <line>
      <![CDATA[2018-05-31 13:33:54 INFO  NewsTest:47 - TC_CPT_1.4.4 deleteNote
]]>
    </line>
    <line>
      <![CDATA[2018-05-31 13:33:54 INFO  CommonPage:131 - countNote
]]>
    </line>
    <line>
      <![CDATA[2018-05-31 13:33:56 INFO  CommonPage:127 - deleteNote HELLO it is auto TEST
]]>
    </line>
    <line>
      <![CDATA[2018-05-31 13:33:56 WARN  CommonPage:149 - isNotePresent true
]]>
    </line>
    <line>
      <![CDATA[2018-05-31 13:33:56 INFO  Screenshot:43 - <a href='screenshots/screenshot4365592407129914440.png'>AutoScreen</a>
]]>
    </line>
    <line>
      <![CDATA[2018-05-31 13:33:56 INFO  BaseTest:48 - closeAuthorizationOut
]]>
    </line>
    <line>
      <![CDATA[2018-05-31 13:33:57 WARN  LoginPage:61 - isLoginPage true
]]>
    </line>
    <line>
      <![CDATA[2018-05-31 13:33:57 INFO  CommonPage:103 - logout
]]>
    </line>
    <line>
      <![CDATA[2018-05-31 13:33:57 WARN  LoginPage:61 - isLoginPage true
]]>
    </line>
    <line>
      <![CDATA[2018-05-31 13:33:57 INFO  BaseTest:36 - startWebSite
]]>
    </line>
    <line>
      <![CDATA[2018-05-31 13:33:58 INFO  WebDriverLogger:14 - WebDriver navigated to 'http://ipsilon-dev.sgu.ru/'
]]>
    </line>
    <line>
      <![CDATA[2018-05-31 13:33:58 INFO  Page:35 - openWebSite
]]>
    </line>
    <line>
      <![CDATA[2018-05-31 13:33:58 WARN  LoginPage:61 - isLoginPage true
]]>
    </line>
    <line>
      <![CDATA[2018-05-31 13:33:58 INFO  BaseTest:42 - x_Login
]]>
    </line>
    <line>
      <![CDATA[2018-05-31 13:33:59 WARN  MainPage:215 - isMainPage true
]]>
    </line>
    <line>
      <![CDATA[2018-05-31 13:33:59 WARN  LoginPage:39 - x_Login: x_Login-mari-lukashowa@yandex.ru , password- password
]]>
    </line>
    <line>
      <![CDATA[2018-05-31 13:34:00 WARN  CommonPage:136 - isLogin Лукашова М. А. true
]]>
    </line>
    <line>
      <![CDATA[2018-05-31 13:34:00 INFO  MainPageTest:19 - BeforeMethod openMainPage
]]>
    </line>
    <line>
      <![CDATA[2018-05-31 13:34:00 INFO  CommonPage:50 - openMainPage
]]>
    </line>
    <line>
      <![CDATA[2018-05-31 13:34:01 WARN  MainPage:215 - isMainPage true
]]>
    </line>
    <line>
      <![CDATA[2018-05-31 13:34:01 INFO  MainPageTest:42 - TC_CPT_1.5. changeCity
]]>
    </line>
    <line>
      <![CDATA[2018-05-31 13:34:02 INFO  MainPage:118 - changeCity 6
]]>
    </line>
    <line>
      <![CDATA[2018-05-31 13:34:32 WARN  MainPage:125 - isCityPresent Саратов true
]]>
    </line>
    <line>
      <![CDATA[2018-05-31 13:34:32 INFO  MainPageTest:19 - BeforeMethod openMainPage
]]>
    </line>
    <line>
      <![CDATA[2018-05-31 13:34:32 INFO  CommonPage:50 - openMainPage
]]>
    </line>
    <line>
      <![CDATA[2018-05-31 13:34:33 WARN  MainPage:215 - isMainPage true
]]>
    </line>
    <line>
      <![CDATA[2018-05-31 13:34:33 INFO  MainPageTest:42 - TC_CPT_1.5. changeCity
]]>
    </line>
    <line>
      <![CDATA[2018-05-31 13:34:34 INFO  MainPage:118 - changeCity 2
]]>
    </line>
    <line>
      <![CDATA[2018-05-31 13:34:34 WARN  MainPage:125 - isCityPresent Балаково true
]]>
    </line>
    <line>
      <![CDATA[2018-05-31 13:34:34 INFO  MainPageTest:19 - BeforeMethod openMainPage
]]>
    </line>
    <line>
      <![CDATA[2018-05-31 13:34:34 INFO  CommonPage:50 - openMainPage
]]>
    </line>
    <line>
      <![CDATA[2018-05-31 13:34:35 WARN  MainPage:215 - isMainPage true
]]>
    </line>
    <line>
      <![CDATA[2018-05-31 13:34:35 INFO  MainPageTest:42 - TC_CPT_1.5. changeCity
]]>
    </line>
    <line>
      <![CDATA[2018-05-31 13:34:36 INFO  MainPage:118 - changeCity 4
]]>
    </line>
    <line>
      <![CDATA[2018-05-31 13:34:36 WARN  MainPage:125 - isCityPresent Вольск true
]]>
    </line>
    <line>
      <![CDATA[2018-05-31 13:34:36 INFO  MainPageTest:19 - BeforeMethod openMainPage
]]>
    </line>
    <line>
      <![CDATA[2018-05-31 13:34:36 INFO  CommonPage:50 - openMainPage
]]>
    </line>
    <line>
      <![CDATA[2018-05-31 13:34:37 WARN  MainPage:215 - isMainPage true
]]>
    </line>
    <line>
      <![CDATA[2018-05-31 13:34:37 INFO  MainPageTest:64 - TC_CPT_1.6.2./TC_CPT_1.6.3./TC_CPT_1.6.4. changeEmailWithInvalidText
]]>
    </line>
    <line>
      <![CDATA[2018-05-31 13:34:37 INFO  MainPage:194 - openChangeEmailPage
]]>
    </line>
    <line>
      <![CDATA[2018-05-31 13:34:38 WARN  ChangeEmailPage:69 - isChangeEmailPage true
]]>
    </line>
    <line>
      <![CDATA[2018-05-31 13:34:38 INFO  ChangeEmailPage:31 - setEmail 
]]>
    </line>
    <line>
      <![CDATA[2018-05-31 13:34:38 INFO  ChangeEmailPage:38 - setCurrentPassword password
]]>
    </line>
    <line>
      <![CDATA[2018-05-31 13:34:38 INFO  ChangeEmailPage:43 - clickBtnSafe
]]>
    </line>
    <line>
      <![CDATA[2018-05-31 13:34:39 WARN  ChangeEmailPage:56 - isErrorPresent true
]]>
    </line>
    <line>
      <![CDATA[2018-05-31 13:34:39 INFO  ChangeEmailPage:49 - clickBtnBack
]]>
    </line>
    <line>
      <![CDATA[2018-05-31 13:34:40 INFO  MainPageTest:19 - BeforeMethod openMainPage
]]>
    </line>
    <line>
      <![CDATA[2018-05-31 13:34:40 INFO  CommonPage:50 - openMainPage
]]>
    </line>
    <line>
      <![CDATA[2018-05-31 13:34:41 WARN  MainPage:215 - isMainPage true
]]>
    </line>
    <line>
      <![CDATA[2018-05-31 13:34:41 INFO  MainPageTest:64 - TC_CPT_1.6.2./TC_CPT_1.6.3./TC_CPT_1.6.4. changeEmailWithInvalidText
]]>
    </line>
    <line>
      <![CDATA[2018-05-31 13:34:41 INFO  MainPage:194 - openChangeEmailPage
]]>
    </line>
    <line>
      <![CDATA[2018-05-31 13:34:42 WARN  ChangeEmailPage:69 - isChangeEmailPage true
]]>
    </line>
    <line>
      <![CDATA[2018-05-31 13:34:42 INFO  ChangeEmailPage:31 - setEmail lukashovama@sgu.ru
]]>
    </line>
    <line>
      <![CDATA[2018-05-31 13:34:42 INFO  ChangeEmailPage:38 - setCurrentPassword password
]]>
    </line>
    <line>
      <![CDATA[2018-05-31 13:34:42 INFO  ChangeEmailPage:43 - clickBtnSafe
]]>
    </line>
    <line>
      <![CDATA[2018-05-31 13:34:42 WARN  ChangeEmailPage:56 - isErrorPresent true
]]>
    </line>
    <line>
      <![CDATA[2018-05-31 13:34:42 INFO  ChangeEmailPage:49 - clickBtnBack
]]>
    </line>
    <line>
      <![CDATA[2018-05-31 13:34:44 INFO  MainPageTest:19 - BeforeMethod openMainPage
]]>
    </line>
    <line>
      <![CDATA[2018-05-31 13:34:44 INFO  CommonPage:50 - openMainPage
]]>
    </line>
    <line>
      <![CDATA[2018-05-31 13:34:45 WARN  MainPage:215 - isMainPage true
]]>
    </line>
    <line>
      <![CDATA[2018-05-31 13:34:45 INFO  MainPageTest:64 - TC_CPT_1.6.2./TC_CPT_1.6.3./TC_CPT_1.6.4. changeEmailWithInvalidText
]]>
    </line>
    <line>
      <![CDATA[2018-05-31 13:34:45 INFO  MainPage:194 - openChangeEmailPage
]]>
    </line>
    <line>
      <![CDATA[2018-05-31 13:34:45 WARN  ChangeEmailPage:69 - isChangeEmailPage true
]]>
    </line>
    <line>
      <![CDATA[2018-05-31 13:34:45 INFO  ChangeEmailPage:31 - setEmail mari-lukashowa@yandex.ru
]]>
    </line>
    <line>
      <![CDATA[2018-05-31 13:34:45 INFO  ChangeEmailPage:38 - setCurrentPassword password1
]]>
    </line>
    <line>
      <![CDATA[2018-05-31 13:34:45 INFO  ChangeEmailPage:43 - clickBtnSafe
]]>
    </line>
    <line>
      <![CDATA[2018-05-31 13:34:46 WARN  ChangeEmailPage:56 - isErrorPresent true
]]>
    </line>
    <line>
      <![CDATA[2018-05-31 13:34:46 INFO  ChangeEmailPage:49 - clickBtnBack
]]>
    </line>
    <line>
      <![CDATA[2018-05-31 13:34:47 INFO  MainPageTest:19 - BeforeMethod openMainPage
]]>
    </line>
    <line>
      <![CDATA[2018-05-31 13:34:47 INFO  CommonPage:50 - openMainPage
]]>
    </line>
    <line>
      <![CDATA[2018-05-31 13:34:48 WARN  MainPage:215 - isMainPage true
]]>
    </line>
    <line>
      <![CDATA[2018-05-31 13:34:48 INFO  MainPageTest:64 - TC_CPT_1.6.2./TC_CPT_1.6.3./TC_CPT_1.6.4. changeEmailWithInvalidText
]]>
    </line>
    <line>
      <![CDATA[2018-05-31 13:34:48 INFO  MainPage:194 - openChangeEmailPage
]]>
    </line>
    <line>
      <![CDATA[2018-05-31 13:34:48 WARN  ChangeEmailPage:69 - isChangeEmailPage true
]]>
    </line>
    <line>
      <![CDATA[2018-05-31 13:34:49 INFO  ChangeEmailPage:31 - setEmail mari-lukashowa@yandex.ru
]]>
    </line>
    <line>
      <![CDATA[2018-05-31 13:34:49 INFO  ChangeEmailPage:38 - setCurrentPassword password
]]>
    </line>
    <line>
      <![CDATA[2018-05-31 13:34:49 INFO  ChangeEmailPage:43 - clickBtnSafe
]]>
    </line>
    <line>
      <![CDATA[2018-05-31 13:35:00 WARN  ChangeEmailPage:59 - isErrorPresent false
]]>
    </line>
    <line>
      <![CDATA[2018-05-31 13:35:01 INFO  Screenshot:43 - <a href='screenshots/screenshot4882537979059622786.png'>AutoScreen</a>
]]>
    </line>
    <line>
      <![CDATA[2018-05-31 13:35:01 INFO  MainPageTest:19 - BeforeMethod openMainPage
]]>
    </line>
    <line>
      <![CDATA[2018-05-31 13:35:01 INFO  CommonPage:50 - openMainPage
]]>
    </line>
    <line>
      <![CDATA[2018-05-31 13:35:02 WARN  MainPage:215 - isMainPage true
]]>
    </line>
    <line>
      <![CDATA[2018-05-31 13:35:02 INFO  MainPageTest:25 - TC_2.2 isInfoBlock
]]>
    </line>
    <line>
      <![CDATA[2018-05-31 13:35:02 WARN  MainPage:65 - isInfoBlockPresent true
]]>
    </line>
    <line>
      <![CDATA[2018-05-31 13:35:02 INFO  MainPageTest:19 - BeforeMethod openMainPage
]]>
    </line>
    <line>
      <![CDATA[2018-05-31 13:35:02 INFO  CommonPage:50 - openMainPage
]]>
    </line>
    <line>
      <![CDATA[2018-05-31 13:35:03 WARN  MainPage:215 - isMainPage true
]]>
    </line>
    <line>
      <![CDATA[2018-05-31 13:35:03 INFO  MainPageTest:33 - TC_CPT_1.2. isNewsBlock
]]>
    </line>
    <line>
      <![CDATA[2018-05-31 13:35:03 WARN  MainPage:75 - isNewsBlockPresent true
]]>
    </line>
    <line>
      <![CDATA[2018-05-31 13:35:03 INFO  BaseTest:48 - closeAuthorizationOut
]]>
    </line>
    <line>
      <![CDATA[2018-05-31 13:35:04 WARN  LoginPage:61 - isLoginPage true
]]>
    </line>
    <line>
      <![CDATA[2018-05-31 13:35:04 INFO  CommonPage:103 - logout
]]>
    </line>
    <line>
      <![CDATA[2018-05-31 13:35:04 WARN  LoginPage:61 - isLoginPage true
]]>
    </line>
    <line>
      <![CDATA[2018-05-31 13:35:04 INFO  BaseTest:36 - startWebSite
]]>
    </line>
    <line>
      <![CDATA[2018-05-31 13:35:04 INFO  WebDriverLogger:14 - WebDriver navigated to 'http://ipsilon-dev.sgu.ru/'
]]>
    </line>
    <line>
      <![CDATA[2018-05-31 13:35:04 INFO  Page:35 - openWebSite
]]>
    </line>
    <line>
      <![CDATA[2018-05-31 13:35:04 WARN  LoginPage:61 - isLoginPage true
]]>
    </line>
    <line>
      <![CDATA[2018-05-31 13:35:04 INFO  BaseTest:42 - x_Login
]]>
    </line>
    <line>
      <![CDATA[2018-05-31 13:35:06 WARN  MainPage:215 - isMainPage true
]]>
    </line>
    <line>
      <![CDATA[2018-05-31 13:35:06 WARN  LoginPage:39 - x_Login: x_Login-mari-lukashowa@yandex.ru , password- password
]]>
    </line>
    <line>
      <![CDATA[2018-05-31 13:35:06 WARN  CommonPage:136 - isLogin Лукашова М. А. true
]]>
    </line>
    <line>
      <![CDATA[2018-05-31 13:35:06 INFO  NewsTest:19 - BeforeMethod openMainPage
]]>
    </line>
    <line>
      <![CDATA[2018-05-31 13:35:06 INFO  CommonPage:50 - openMainPage
]]>
    </line>
    <line>
      <![CDATA[2018-05-31 13:35:07 WARN  MainPage:215 - isMainPage true
]]>
    </line>
    <line>
      <![CDATA[2018-05-31 13:35:07 INFO  NewsTest:24 - TC_CPT_1.3.2 commentNews
]]>
    </line>
    <line>
      <![CDATA[2018-05-31 13:35:07 INFO  MainPage:187 - openNews
]]>
    </line>
    <line>
      <![CDATA[2018-05-31 13:35:10 WARN  NewsPage:53 - isNewsPage true
]]>
    </line>
    <line>
      <![CDATA[2018-05-31 13:35:10 INFO  NewsPage:23 - countItemMessage
]]>
    </line>
    <line>
      <![CDATA[2018-05-31 13:35:10 INFO  NewsPage:29 - sentMessange: HELLO it is auto TEST
]]>
    </line>
    <line>
      <![CDATA[2018-05-31 13:35:11 WARN  NewsPage:42 - isMessangePresent HELLO it is auto TEST true
]]>
    </line>
    <line>
      <![CDATA[2018-05-31 13:35:11 INFO  NewsPage:23 - countItemMessage
]]>
    </line>
    <line>
      <![CDATA[2018-05-31 13:35:11 INFO  NewsTest:19 - BeforeMethod openMainPage
]]>
    </line>
    <line>
      <![CDATA[2018-05-31 13:35:11 INFO  CommonPage:50 - openMainPage
]]>
    </line>
    <line>
[...]
]]>
            </line>
          </reporter-output>
        </test-method> <!-- openMainPage -->
        <test-method status="PASS" signature="changeCity(java.lang.String, java.lang.String)[pri:0, instance:tests.mainPageTests.MainPageTest@39266ca]" test-instance-name="" name="changeCity" duration-ms="704" started-at="2018-05-31T13:34:33Z" data-provider="city" finished-at="2018-05-31T13:34:34Z">
          <params>
            <param index="0">
              <value>
                <![CDATA[Балаково]]>
              </value>
            </param>
            <param index="1">
              <value>
                <![CDATA[2]]>
              </value>
            </param>
          </params>
          <reporter-output>
            <line>
              <![CDATA[2018-05-31 13:34:33 INFO  MainPageTest:42 - TC_CPT_1.5. changeCity
]]>
            </line>
            <line>
              <![CDATA[2018-05-31 13:34:34 INFO  MainPage:118 - changeCity 2
]]>
            </line>
            <line>
              <![CDATA[2018-05-31 13:34:34 WARN  MainPage:125 - isCityPresent Балаково true
]]>
            </line>
          </reporter-output>
        </test-method> <!-- changeCity -->
        <test-method status="PASS" signature="openMainPage()[pri:0, instance:tests.mainPageTests.MainPageTest@39266ca]" test-instance-name="" name="openMainPage" is-config="true" duration-ms="1373" started-at="2018-05-31T13:34:34Z" finished-at="2018-05-31T13:34:35Z">
          <reporter-output>
            <line>
              <![CDATA[2018-05-31 13:34:34 INFO  MainPageTest:19 - BeforeMethod openMainPage
]]>
            </line>
            <line>
              <![CDATA[2018-05-31 13:34:34 INFO  CommonPage:50 - openMainPage
]]>
            </line>
            <line>
              <![CDATA[2018-05-31 13:34:35 WARN  MainPage:215 - isMainPage true
]]>
            </line>
          </reporter-output>
        </test-method> <!-- openMainPage -->
        <test-method status="PASS" signature="changeCity(java.lang.String, java.lang.String)[pri:0, instance:tests.mainPageTests.MainPageTest@39266ca]" test-instance-name="" name="changeCity" duration-ms="765" started-at="2018-05-31T13:34:35Z" data-provider="city" finished-at="2018-05-31T13:34:36Z">
          <params>
            <param index="0">
              <value>
                <![CDATA[Вольск]]>
              </value>
            </param>
            <param index="1">
              <value>
                <![CDATA[4]]>
              </value>
            </param>
          </params>
          <reporter-output>
            <line>
              <![CDATA[2018-05-31 13:34:35 INFO  MainPageTest:42 - TC_CPT_1.5. changeCity
]]>
            </line>
            <line>
              <![CDATA[2018-05-31 13:34:36 INFO  MainPage:118 - changeCity 4
]]>
            </line>
            <line>
              <![CDATA[2018-05-31 13:34:36 WARN  MainPage:125 - isCityPresent Вольск true
]]>
            </line>
          </reporter-output>
        </test-method> <!-- changeCity -->
        <test-method status="PASS" signature="openMainPage()[pri:0, instance:tests.mainPageTests.MainPageTest@39266ca]" test-instance-name="" name="openMainPage" is-config="true" duration-ms="1276" started-at="2018-05-31T13:34:36Z" finished-at="2018-05-31T13:34:37Z">
          <reporter-output>
            <line>
              <![CDATA[2018-05-31 13:34:36 INFO  MainPageTest:19 - BeforeMethod openMainPage
]]>
            </line>
            <line>
              <![CDATA[2018-05-31 13:34:36 INFO  CommonPage:50 - openMainPage
]]>
            </line>
            <line>
              <![CDATA[2018-05-31 13:34:37 WARN  MainPage:215 - isMainPage true
]]>
            </line>
          </reporter-output>
        </test-method> <!-- openMainPage -->
        <test-method status="PASS" signature="changeEmailWithInvalidText(java.lang.String, java.lang.String)[pri:0, instance:tests.mainPageTests.MainPageTest@39266ca]" test-instance-name="" name="changeEmailWithInvalidText" duration-ms="2787" started-at="2018-05-31T13:34:37Z" data-provider="emailNegativeAndCurrentPassword" finished-at="2018-05-31T13:34:40Z">
          <params>
            <param index="0">
              <value>
                <![CDATA[]]>
              </value>
            </param>
            <param index="1">
              <value>
                <![CDATA[password]]>
              </value>
            </param>
          </params>
          <reporter-output>
            <line>
              <![CDATA[2018-05-31 13:34:37 INFO  MainPageTest:64 - TC_CPT_1.6.2./TC_CPT_1.6.3./TC_CPT_1.6.4. changeEmailWithInvalidText
]]>
            </line>
            <line>
              <![CDATA[2018-05-31 13:34:37 INFO  MainPage:194 - openChangeEmailPage
]]>
            </line>
            <line>
              <![CDATA[2018-05-31 13:34:38 WARN  ChangeEmailPage:69 - isChangeEmailPage true
]]>
            </line>
            <line>
              <![CDATA[2018-05-31 13:34:38 INFO  ChangeEmailPage:31 - setEmail 
]]>
            </line>
            <line>
              <![CDATA[2018-05-31 13:34:38 INFO  ChangeEmailPage:38 - setCurrentPassword password
]]>
            </line>
            <line>
              <![CDATA[2018-05-31 13:34:38 INFO  ChangeEmailPage:43 - clickBtnSafe
]]>
            </line>
            <line>
              <![CDATA[2018-05-31 13:34:39 WARN  ChangeEmailPage:56 - isErrorPresent true
]]>
            </line>
            <line>
              <![CDATA[2018-05-31 13:34:39 INFO  ChangeEmailPage:49 - clickBtnBack
]]>
            </line>
          </reporter-output>
        </test-method> <!-- changeEmailWithInvalidText -->
        <test-method status="PASS" signature="openMainPage()[pri:0, instance:tests.mainPageTests.MainPageTest@39266ca]" test-instance-name="" name="openMainPage" is-config="true" duration-ms="1144" started-at="2018-05-31T13:34:40Z" finished-at="2018-05-31T13:34:41Z">
          <reporter-output>
            <line>
              <![CDATA[2018-05-31 13:34:40 INFO  MainPageTest:19 - BeforeMethod openMainPage
]]>
            </line>
            <line>
              <![CDATA[2018-05-31 13:34:40 INFO  CommonPage:50 - openMainPage
]]>
            </line>
            <line>
              <![CDATA[2018-05-31 13:34:41 WARN  MainPage:215 - isMainPage true
]]>
            </line>
          </reporter-output>
        </test-method> <!-- openMainPage -->
        <test-method status="PASS" signature="changeEmailWithInvalidText(java.lang.String, java.lang.String)[pri:0, instance:tests.mainPageTests.MainPageTest@39266ca]" test-instance-name="" name="changeEmailWithInvalidText" duration-ms="2352" started-at="2018-05-31T13:34:41Z" data-provider="emailNegativeAndCurrentPassword" finished-at="2018-05-31T13:34:44Z">
          <params>
            <param index="0">
              <value>
                <![CDATA[lukashovama@sgu.ru]]>
              </value>
            </param>
            <param index="1">
              <value>
                <![CDATA[password]]>
              </value>
            </param>
          </params>
          <reporter-output>
            <line>
              <![CDATA[2018-05-31 13:34:41 INFO  MainPageTest:64 - TC_CPT_1.6.2./TC_CPT_1.6.3./TC_CPT_1.6.4. changeEmailWithInvalidText
]]>
            </line>
            <line>
              <![CDATA[2018-05-31 13:34:41 INFO  MainPage:194 - openChangeEmailPage
]]>
            </line>
            <line>
              <![CDATA[2018-05-31 13:34:42 WARN  ChangeEmailPage:69 - isChangeEmailPage true
]]>
            </line>
            <line>
              <![CDATA[2018-05-31 13:34:42 INFO  ChangeEmailPage:31 - setEmail lukashovama@sgu.ru
]]>
            </line>
            <line>
              <![CDATA[2018-05-31 13:34:42 INFO  ChangeEmailPage:38 - setCurrentPassword password
]]>
            </line>
            <line>
              <![CDATA[2018-05-31 13:34:42 INFO  ChangeEmailPage:43 - clickBtnSafe
]]>
            </line>
            <line>
              <![CDATA[2018-05-31 13:34:42 WARN  ChangeEmailPage:56 - isErrorPresent true
]]>
            </line>
            <line>
              <![CDATA[2018-05-31 13:34:42 INFO  ChangeEmailPage:49 - clickBtnBack
]]>
            </line>
          </reporter-output>
        </test-method> <!-- changeEmailWithInvalidText -->
        <test-method status="PASS" signature="openMainPage()[pri:0, instance:tests.mainPageTests.MainPageTest@39266ca]" test-instance-name="" name="openMainPage" is-config="true" duration-ms="1066" started-at="2018-05-31T13:34:44Z" finished-at="2018-05-31T13:34:45Z">
          <reporter-output>
            <line>
              <![CDATA[2018-05-31 13:34:44 INFO  MainPageTest:19 - BeforeMethod openMainPage
]]>
            </line>
            <line>
              <![CDATA[2018-05-31 13:34:44 INFO  CommonPage:50 - openMainPage
]]>
            </line>
            <line>
              <![CDATA[2018-05-31 13:34:45 WARN  MainPage:215 - isMainPage true
]]>
            </line>
          </reporter-output>
        </test-method> <!-- openMainPage -->
        <test-method status="PASS" signature="changeEmailWithInvalidText(java.lang.String, java.lang.String)[pri:0, instance:tests.mainPageTests.MainPageTest@39266ca]" test-instance-name="" name="changeEmailWithInvalidText" duration-ms="2139" started-at="2018-05-31T13:34:45Z" data-provider="emailNegativeAndCurrentPassword" finished-at="2018-05-31T13:34:47Z">
          <params>
            <param index="0">
              <value>
                <![CDATA[mari-lukashowa@yandex.ru]]>
              </value>
            </param>
            <param index="1">
              <value>
                <![CDATA[password1]]>
              </value>
            </param>
          </params>
          <reporter-output>
            <line>
              <![CDATA[2018-05-31 13:34:45 INFO  MainPageTest:64 - TC_CPT_1.6.2./TC_CPT_1.6.3./TC_CPT_1.6.4. changeEmailWithInvalidText
]]>
            </line>
            <line>
              <![CDATA[2018-05-31 13:34:45 INFO  MainPage:194 - openChangeEmailPage
]]>
            </line>
            <line>
              <![CDATA[2018-05-31 13:34:45 WARN  ChangeEmailPage:69 - isChangeEmailPage true
]]>
            </line>
            <line>
              <![CDATA[2018-05-31 13:34:45 INFO  ChangeEmailPage:31 - setEmail mari-lukashowa@yandex.ru
]]>
            </line>
            <line>
              <![CDATA[2018-05-31 13:34:45 INFO  ChangeEmailPage:38 - setCurrentPassword password1
]]>
            </line>
            <line>
              <![CDATA[2018-05-31 13:34:45 INFO  ChangeEmailPage:43 - clickBtnSafe
]]>
            </line>
            <line>
              <![CDATA[2018-05-31 13:34:46 WARN  ChangeEmailPage:56 - isErrorPresent true
]]>
            </line>
            <line>
              <![CDATA[2018-05-31 13:34:46 INFO  ChangeEmailPage:49 - clickBtnBack
]]>
            </line>
          </reporter-output>
        </test-method> <!-- changeEmailWithInvalidText -->
        <test-method status="PASS" signature="openMainPage()[pri:0, instance:tests.mainPageTests.MainPageTest@39266ca]" test-instance-name="" name="openMainPage" is-config="true" duration-ms="1276" started-at="2018-05-31T13:34:47Z" finished-at="2018-05-31T13:34:48Z">
          <reporter-output>
            <line>
              <![CDATA[2018-05-31 13:34:47 INFO  MainPageTest:19 - BeforeMethod openMainPage
]]>
            </line>
            <line>
              <![CDATA[2018-05-31 13:34:47 INFO  CommonPage:50 - openMainPage
]]>
            </line>
            <line>
              <![CDATA[2018-05-31 13:34:48 WARN  MainPage:215 - isMainPage true
]]>
            </line>
          </reporter-output>
        </test-method> <!-- openMainPage -->
        <test-method status="FAIL" signature="changeEmailWithInvalidText(java.lang.String, java.lang.String)[pri:0, instance:tests.mainPageTests.MainPageTest@39266ca]" test-instance-name="" name="changeEmailWithInvalidText" duration-ms="12079" started-at="2018-05-31T13:34:48Z" data-provider="emailNegativeAndCurrentPassword" finished-at="2018-05-31T13:35:00Z">
          <params>
            <param index="0">
              <value>
                <![CDATA[mari-lukashowa@yandex.ru]]>
              </value>
            </param>
            <param index="1">
              <value>
                <![CDATA[password]]>
              </value>
            </param>
          </params>
          <exception class="java.lang.AssertionError">
            <message>
              <![CDATA[Message error isn't displayed expected [true] but found [false]]]>
            </message>
            <full-stacktrace>
              <![CDATA[java.lang.AssertionError: Message error isn't displayed expected [true] but found [false]
	at org.testng.Assert.fail(Assert.java:94)
	at org.testng.Assert.failNotEquals(Assert.java:513)
	at org.testng.Assert.assertTrue(Assert.java:42)
	at tests.mainPageTests.MainPageTest.changeEmailWithInvalidText(MainPageTest.java:70)
	at sun.reflect.NativeMethodAccessorImpl.invoke0(Native Method)
	at sun.reflect.NativeMethodAccessorImpl.invoke(NativeMethodAccessorImpl.java:62)
	at sun.reflect.DelegatingMethodAccessorImpl.invoke(DelegatingMethodAccessorImpl.java:43)
	at java.lang.reflect.Method.invoke(Method.java:498)
	at org.testng.internal.MethodInvocationHelper.invokeMethod(MethodInvocationHelper.java:86)
	at org.testng.internal.Invoker.invokeMethod(Invoker.java:643)
	at org.testng.internal.Invoker.invokeTestMethod(Invoker.java:820)
	at org.testng.internal.Invoker.invokeTestMethods(Invoker.java:1128)
	at org.testng.internal.TestMethodWorker.invokeTestMethods(TestMethodWorker.java:129)
	at org.testng.internal.TestMethodWorker.run(TestMethodWorker.java:112)
	at org.testng.TestRunner.privateRun(TestRunner.java:782)
	at org.testng.TestRunner.run(TestRunner.java:632)
	at org.testng.SuiteRunner.runTest(SuiteRunner.java:366)
	at org.testng.SuiteRunner.runSequentially(SuiteRunner.java:361)
	at org.testng.SuiteRunner.privateRun(SuiteRunner.java:319)
	at org.testng.SuiteRunner.run(SuiteRunner.java:268)
	at org.testng.SuiteRunnerWorker.runSuite(SuiteRunnerWorker.java:52)
	at org.testng.SuiteRunnerWorker.run(SuiteRunnerWorker.java:86)
	at org.testng.TestNG.runSuitesSequentially(TestNG.java:1244)
	at org.testng.TestNG.runSuitesLocally(TestNG.java:1169)
	at org.testng.TestNG.run(TestNG.java:1064)
	at runner.Runner.run(Runner.java:49)
	at runner.Runner.main(Runner.java:22)
	at sun.reflect.NativeMethodAccessorImpl.invoke0(Native Method)
	at sun.reflect.NativeMethodAccessorImpl.invoke(NativeMethodAccessorImpl.java:62)
	at sun.reflect.DelegatingMethodAccessorImpl.invoke(DelegatingMethodAccessorImpl.java:43)
	at java.lang.reflect.Method.invoke(Method.java:498)
	at org.codehaus.mojo.exec.ExecJavaMojo$1.run(ExecJavaMojo.java:282)
	at java.lang.Thread.run(Thread.java:748)
]]>
            </full-stacktrace>
          </exception> <!-- java.lang.AssertionError -->
          <reporter-output>
            <line>
              <![CDATA[2018-05-31 13:34:48 INFO  MainPageTest:64 - TC_CPT_1.6.2./TC_CPT_1.6.3./TC_CPT_1.6.4. changeEmailWithInvalidText
]]>
            </line>
            <line>
              <![CDATA[2018-05-31 13:34:48 INFO  MainPage:194 - openChangeEmailPage
]]>
            </line>
            <line>
              <![CDATA[2018-05-31 13:34:48 WARN  ChangeEmailPage:69 - isChangeEmailPage true
]]>
            </line>
            <line>
              <![CDATA[2018-05-31 13:34:49 INFO  ChangeEmailPage:31 - setEmail mari-lukashowa@yandex.ru
]]>
            </line>
            <line>
              <![CDATA[2018-05-31 13:34:49 INFO  ChangeEmailPage:38 - setCurrentPassword password
]]>
            </line>
            <line>
              <![CDATA[2018-05-31 13:34:49 INFO  ChangeEmailPage:43 - clickBtnSafe
]]>
            </line>
            <line>
              <![CDATA[2018-05-31 13:35:00 WARN  ChangeEmailPage:59 - isErrorPresent false
]]>
            </line>
            <line>
              <![CDATA[2018-05-31 13:35:01 INFO  Screenshot:43 - <a href='screenshots/screenshot4882537979059622786.png'>AutoScreen</a>
]]>
            </line>
          </reporter-output>
        </test-method> <!-- changeEmailWithInvalidText -->
        <test-method status="PASS" signature="openMainPage()[pri:0, instance:tests.mainPageTests.MainPageTest@39266ca]" test-instance-name="" name="openMainPage" is-config="true" duration-ms="1450" started-at="2018-05-31T13:35:01Z" finished-at="2018-05-31T13:35:02Z">
          <reporter-output>
            <line>
              <![CDATA[2018-05-31 13:35:01 INFO  MainPageTest:19 - BeforeMethod openMainPage
]]>
            </line>
            <line>
              <![CDATA[2018-05-31 13:35:01 INFO  CommonPage:50 - openMainPage
]]>
            </line>
            <line>
              <![CDATA[2018-05-31 13:35:02 WARN  MainPage:215 - isMainPage true
]]>
            </line>
          </reporter-output>
        </test-method> <!-- openMainPage -->
        <test-method status="PASS" signature="isInfoBlock()[pri:0, instance:tests.mainPageTests.MainPageTest@39266ca]" test-instance-name="" name="isInfoBlock" duration-ms="69" started-at="2018-05-31T13:35:02Z" finished-at="2018-05-31T13:35:02Z">
          <reporter-output>
            <line>
              <![CDATA[2018-05-31 13:35:02 INFO  MainPageTest:25 - TC_2.2 isInfoBlock
]]>
            </line>
            <line>
              <![CDATA[2018-05-31 13:35:02 WARN  MainPage:65 - isInfoBlockPresent true
]]>
            </line>
          </reporter-output>
        </test-method> <!-- isInfoBlock -->
        <test-method status="PASS" signature="openMainPage()[pri:0, instance:tests.mainPageTests.MainPageTest@39266ca]" test-instance-name="" name="openMainPage" is-config="true" duration-ms="1102" started-at="2018-05-31T13:35:02Z" finished-at="2018-05-31T13:35:03Z">
          <reporter-output>
            <line>
              <![CDATA[2018-05-31 13:35:02 INFO  MainPageTest:19 - BeforeMethod openMainPage
]]>
            </line>
            <line>
              <![CDATA[2018-05-31 13:35:02 INFO  CommonPage:50 - openMainPage
]]>
            </line>
            <line>
              <![CDATA[2018-05-31 13:35:03 WARN  MainPage:215 - isMainPage true
]]>
            </line>
          </reporter-output>
        </test-method> <!-- openMainPage -->
        <test-method status="PASS" signature="isNewsBlock()[pri:0, instance:tests.mainPageTests.MainPageTest@39266ca]" test-instance-name="" name="isNewsBlock" duration-ms="46" started-at="2018-05-31T13:35:03Z" finished-at="2018-05-31T13:35:03Z">
          <reporter-output>
            <line>
              <![CDATA[2018-05-31 13:35:03 INFO  MainPageTest:33 - TC_CPT_1.2. isNewsBlock
]]>
            </line>
            <line>
              <![CDATA[2018-05-31 13:35:03 WARN  MainPage:75 - isNewsBlockPresent true
]]>
            </line>
          </reporter-output>
        </test-method> <!-- isNewsBlock -->
        <test-method status="PASS" signature="authorizationOut()[pri:0, instance:tests.mainPageTests.MainPageTest@39266ca]" test-instance-name="" name="authorizationOut" is-config="true" duration-ms="758" started-at="2018-05-31T13:35:03Z" finished-at="2018-05-31T13:35:04Z">
          <reporter-output>
            <line>
              <![CDATA[2018-05-31 13:35:03 INFO  BaseTest:48 - closeAuthorizationOut
]]>
            </line>
            <line>
              <![CDATA[2018-05-31 13:35:04 WARN  LoginPage:61 - isLoginPage true
]]>
            </line>
            <line>
              <![CDATA[2018-05-31 13:35:04 INFO  CommonPage:103 - logout
]]>
            </line>
            <line>
              <![CDATA[2018-05-31 13:35:04 WARN  LoginPage:61 - isLoginPage true
]]>
            </line>
          </reporter-output>
        </test-method> <!-- authorizationOut -->
      </class> <!-- tests.mainPageTests.MainPageTest -->
    </test> <!-- Main page testing -->
  </suite> <!-- Testing IpsilonUni -->
</testng-results>
